{"/home/dafeizizhu/code/huya_video/v-taf/nodejs3/t-rpc/lib/client/transceivers/tcp-transceiver.js":{"path":"/home/dafeizizhu/code/huya_video/v-taf/nodejs3/t-rpc/lib/client/transceivers/tcp-transceiver.js","s":{"1":1,"2":1,"3":56,"4":32,"5":32,"6":32,"7":31,"8":31,"9":1,"10":1,"11":31,"12":1,"13":1,"14":1,"15":32,"16":2,"17":32,"18":4,"19":1,"20":1,"21":5,"22":31,"23":4,"24":9,"25":9,"26":31,"27":44,"28":44,"29":44,"30":44,"31":40,"32":17,"33":38,"34":75,"35":32,"36":32,"37":32,"38":29,"39":32,"40":36,"41":36,"42":35,"43":36,"44":1,"45":12,"46":12,"47":12,"48":31,"49":1},"b":{},"f":{"1":56,"2":32,"3":7,"4":2,"5":32,"6":4,"7":1,"8":5,"9":31,"10":4,"11":9,"12":31,"13":44,"14":40,"15":17,"16":38,"17":75,"18":32,"19":36,"20":12,"21":31},"fnMap":{"1":{"name":"(anonymous_1)","line":5,"loc":{"start":{"line":5,"column":14},"end":{"line":5,"column":28}}},"2":{"name":"(anonymous_2)","line":8,"loc":{"start":{"line":8,"column":10},"end":{"line":8,"column":13}}},"3":{"name":"(anonymous_3)","line":25,"loc":{"start":{"line":25,"column":8},"end":{"line":25,"column":11}}},"4":{"name":"(anonymous_4)","line":26,"loc":{"start":{"line":26,"column":7},"end":{"line":26,"column":16}}},"5":{"name":"(anonymous_5)","line":32,"loc":{"start":{"line":32,"column":14},"end":{"line":32,"column":28}}},"6":{"name":"(anonymous_6)","line":35,"loc":{"start":{"line":35,"column":10},"end":{"line":35,"column":13}}},"7":{"name":"(anonymous_7)","line":38,"loc":{"start":{"line":38,"column":8},"end":{"line":38,"column":11}}},"8":{"name":"(anonymous_8)","line":42,"loc":{"start":{"line":42,"column":7},"end":{"line":42,"column":16}}},"9":{"name":"(anonymous_9)","line":48,"loc":{"start":{"line":48,"column":14},"end":{"line":48,"column":28}}},"10":{"name":"(anonymous_10)","line":51,"loc":{"start":{"line":51,"column":10},"end":{"line":51,"column":13}}},"11":{"name":"(anonymous_11)","line":54,"loc":{"start":{"line":54,"column":8},"end":{"line":54,"column":11}}},"12":{"name":"(anonymous_12)","line":58,"loc":{"start":{"line":58,"column":7},"end":{"line":58,"column":16}}},"13":{"name":"(anonymous_13)","line":64,"loc":{"start":{"line":64,"column":14},"end":{"line":64,"column":42}}},"14":{"name":"(anonymous_14)","line":71,"loc":{"start":{"line":71,"column":10},"end":{"line":71,"column":13}}},"15":{"name":"(anonymous_15)","line":74,"loc":{"start":{"line":74,"column":8},"end":{"line":74,"column":11}}},"16":{"name":"(anonymous_16)","line":77,"loc":{"start":{"line":77,"column":7},"end":{"line":77,"column":16}}},"17":{"name":"(anonymous_17)","line":80,"loc":{"start":{"line":80,"column":11},"end":{"line":80,"column":19}}},"18":{"name":"(anonymous_18)","line":83,"loc":{"start":{"line":83,"column":11},"end":{"line":83,"column":14}}},"19":{"name":"(anonymous_19)","line":89,"loc":{"start":{"line":89,"column":26},"end":{"line":89,"column":29}}},"20":{"name":"(anonymous_20)","line":99,"loc":{"start":{"line":99,"column":9},"end":{"line":99,"column":12}}},"21":{"name":"(anonymous_21)","line":104,"loc":{"start":{"line":104,"column":8},"end":{"line":104,"column":17}}}},"statementMap":{"1":{"start":{"line":1,"column":0},"end":{"line":1,"column":42}},"2":{"start":{"line":2,"column":0},"end":{"line":2,"column":26}},"3":{"start":{"line":6,"column":4},"end":{"line":6,"column":35}},"4":{"start":{"line":9,"column":4},"end":{"line":9,"column":46}},"5":{"start":{"line":10,"column":4},"end":{"line":10,"column":65}},"6":{"start":{"line":11,"column":4},"end":{"line":22,"column":6}},"7":{"start":{"line":12,"column":6},"end":{"line":12,"column":66}},"8":{"start":{"line":13,"column":6},"end":{"line":16,"column":8}},"9":{"start":{"line":14,"column":8},"end":{"line":14,"column":34}},"10":{"start":{"line":15,"column":8},"end":{"line":15,"column":70}},"11":{"start":{"line":17,"column":6},"end":{"line":21,"column":8}},"12":{"start":{"line":18,"column":8},"end":{"line":18,"column":44}},"13":{"start":{"line":19,"column":8},"end":{"line":19,"column":34}},"14":{"start":{"line":20,"column":8},"end":{"line":20,"column":70}},"15":{"start":{"line":23,"column":4},"end":{"line":23,"column":18}},"16":{"start":{"line":27,"column":4},"end":{"line":27,"column":51}},"17":{"start":{"line":33,"column":4},"end":{"line":33,"column":35}},"18":{"start":{"line":36,"column":4},"end":{"line":36,"column":54}},"19":{"start":{"line":39,"column":4},"end":{"line":39,"column":30}},"20":{"start":{"line":40,"column":4},"end":{"line":40,"column":66}},"21":{"start":{"line":43,"column":4},"end":{"line":43,"column":48}},"22":{"start":{"line":49,"column":4},"end":{"line":49,"column":35}},"23":{"start":{"line":52,"column":4},"end":{"line":52,"column":28}},"24":{"start":{"line":55,"column":4},"end":{"line":55,"column":30}},"25":{"start":{"line":56,"column":4},"end":{"line":56,"column":66}},"26":{"start":{"line":59,"column":4},"end":{"line":59,"column":35}},"27":{"start":{"line":65,"column":4},"end":{"line":65,"column":11}},"28":{"start":{"line":67,"column":4},"end":{"line":67,"column":39}},"29":{"start":{"line":68,"column":4},"end":{"line":68,"column":47}},"30":{"start":{"line":69,"column":4},"end":{"line":69,"column":41}},"31":{"start":{"line":72,"column":4},"end":{"line":72,"column":32}},"32":{"start":{"line":75,"column":4},"end":{"line":75,"column":23}},"33":{"start":{"line":78,"column":4},"end":{"line":78,"column":28}},"34":{"start":{"line":81,"column":4},"end":{"line":81,"column":23}},"35":{"start":{"line":84,"column":4},"end":{"line":84,"column":35}},"36":{"start":{"line":85,"column":4},"end":{"line":85,"column":63}},"37":{"start":{"line":86,"column":4},"end":{"line":86,"column":64}},"38":{"start":{"line":86,"column":36},"end":{"line":86,"column":63}},"39":{"start":{"line":87,"column":4},"end":{"line":87,"column":41}},"40":{"start":{"line":90,"column":4},"end":{"line":97,"column":6}},"41":{"start":{"line":91,"column":6},"end":{"line":93,"column":8}},"42":{"start":{"line":92,"column":8},"end":{"line":92,"column":17}},"43":{"start":{"line":94,"column":6},"end":{"line":96,"column":8}},"44":{"start":{"line":95,"column":8},"end":{"line":95,"column":19}},"45":{"start":{"line":100,"column":4},"end":{"line":100,"column":37}},"46":{"start":{"line":101,"column":4},"end":{"line":101,"column":26}},"47":{"start":{"line":102,"column":4},"end":{"line":102,"column":28}},"48":{"start":{"line":105,"column":4},"end":{"line":105,"column":30}},"49":{"start":{"line":109,"column":0},"end":{"line":109,"column":31}}},"branchMap":{}},"/home/dafeizizhu/code/huya_video/v-taf/nodejs3/t-rpc/lib/protocols/taf/client.js":{"path":"/home/dafeizizhu/code/huya_video/v-taf/nodejs3/t-rpc/lib/protocols/taf/client.js","s":{"1":1,"2":1,"3":1,"4":1,"5":40,"6":40,"7":30,"8":30,"9":30,"10":0,"11":30,"12":14,"13":28,"14":28,"15":30,"16":30,"17":30,"18":30,"19":30,"20":113,"21":86,"22":86,"23":86,"24":86,"25":86,"26":113,"27":113,"28":122,"29":0,"30":122,"31":122,"32":86,"33":36,"34":36,"35":36,"36":36,"37":36,"38":36,"39":36,"40":36,"41":113,"42":86,"43":86,"44":12,"45":1},"b":{"1":[0,30],"2":[30,30,2],"3":[14,16],"4":[30,30],"5":[86,27],"6":[0,122],"7":[86,36],"8":[86,27]},"f":{"1":40,"2":30,"3":113,"4":12},"fnMap":{"1":{"name":"(anonymous_1)","line":8,"loc":{"start":{"line":8,"column":14},"end":{"line":8,"column":17}}},"2":{"name":"(anonymous_2)","line":13,"loc":{"start":{"line":13,"column":10},"end":{"line":13,"column":27}}},"3":{"name":"(anonymous_3)","line":41,"loc":{"start":{"line":41,"column":7},"end":{"line":41,"column":16}}},"4":{"name":"(anonymous_4)","line":75,"loc":{"start":{"line":75,"column":8},"end":{"line":75,"column":11}}}},"statementMap":{"1":{"start":{"line":1,"column":0},"end":{"line":1,"column":42}},"2":{"start":{"line":2,"column":0},"end":{"line":2,"column":33}},"3":{"start":{"line":4,"column":0},"end":{"line":4,"column":69}},"4":{"start":{"line":5,"column":0},"end":{"line":5,"column":62}},"5":{"start":{"line":9,"column":4},"end":{"line":9,"column":11}},"6":{"start":{"line":11,"column":4},"end":{"line":11,"column":23}},"7":{"start":{"line":14,"column":4},"end":{"line":14,"column":94}},"8":{"start":{"line":15,"column":4},"end":{"line":23,"column":6}},"9":{"start":{"line":25,"column":4},"end":{"line":27,"column":5}},"10":{"start":{"line":26,"column":6},"end":{"line":26,"column":50}},"11":{"start":{"line":28,"column":4},"end":{"line":33,"column":5}},"12":{"start":{"line":29,"column":6},"end":{"line":32,"column":12}},"13":{"start":{"line":30,"column":8},"end":{"line":30,"column":42}},"14":{"start":{"line":31,"column":8},"end":{"line":31,"column":16}},"15":{"start":{"line":34,"column":4},"end":{"line":34,"column":39}},"16":{"start":{"line":35,"column":4},"end":{"line":35,"column":25}},"17":{"start":{"line":36,"column":4},"end":{"line":36,"column":41}},"18":{"start":{"line":37,"column":4},"end":{"line":37,"column":41}},"19":{"start":{"line":39,"column":4},"end":{"line":39,"column":28}},"20":{"start":{"line":42,"column":4},"end":{"line":48,"column":5}},"21":{"start":{"line":43,"column":6},"end":{"line":43,"column":71}},"22":{"start":{"line":44,"column":6},"end":{"line":44,"column":31}},"23":{"start":{"line":45,"column":6},"end":{"line":45,"column":43}},"24":{"start":{"line":46,"column":6},"end":{"line":46,"column":25}},"25":{"start":{"line":47,"column":6},"end":{"line":47,"column":18}},"26":{"start":{"line":49,"column":4},"end":{"line":49,"column":15}},"27":{"start":{"line":50,"column":4},"end":{"line":69,"column":5}},"28":{"start":{"line":51,"column":6},"end":{"line":51,"column":40}},"29":{"start":{"line":51,"column":35},"end":{"line":51,"column":40}},"30":{"start":{"line":52,"column":6},"end":{"line":52,"column":43}},"31":{"start":{"line":53,"column":6},"end":{"line":53,"column":45}},"32":{"start":{"line":53,"column":40},"end":{"line":53,"column":45}},"33":{"start":{"line":55,"column":6},"end":{"line":55,"column":95}},"34":{"start":{"line":56,"column":6},"end":{"line":56,"column":66}},"35":{"start":{"line":57,"column":6},"end":{"line":57,"column":47}},"36":{"start":{"line":58,"column":6},"end":{"line":58,"column":36}},"37":{"start":{"line":59,"column":6},"end":{"line":59,"column":46}},"38":{"start":{"line":60,"column":6},"end":{"line":65,"column":8}},"39":{"start":{"line":67,"column":6},"end":{"line":67,"column":47}},"40":{"start":{"line":68,"column":6},"end":{"line":68,"column":19}},"41":{"start":{"line":70,"column":4},"end":{"line":73,"column":5}},"42":{"start":{"line":71,"column":6},"end":{"line":71,"column":60}},"43":{"start":{"line":72,"column":6},"end":{"line":72,"column":39}},"44":{"start":{"line":76,"column":4},"end":{"line":76,"column":23}},"45":{"start":{"line":80,"column":0},"end":{"line":80,"column":34}}},"branchMap":{"1":{"line":25,"type":"if","locations":[{"start":{"line":25,"column":4},"end":{"line":25,"column":4}},{"start":{"line":25,"column":4},"end":{"line":25,"column":4}}]},"2":{"line":25,"type":"binary-expr","locations":[{"start":{"line":25,"column":8},"end":{"line":25,"column":16}},{"start":{"line":25,"column":20},"end":{"line":25,"column":35}},{"start":{"line":25,"column":39},"end":{"line":25,"column":61}}]},"3":{"line":28,"type":"if","locations":[{"start":{"line":28,"column":4},"end":{"line":28,"column":4}},{"start":{"line":28,"column":4},"end":{"line":28,"column":4}}]},"4":{"line":28,"type":"binary-expr","locations":[{"start":{"line":28,"column":8},"end":{"line":28,"column":16}},{"start":{"line":28,"column":20},"end":{"line":28,"column":36}}]},"5":{"line":42,"type":"if","locations":[{"start":{"line":42,"column":4},"end":{"line":42,"column":4}},{"start":{"line":42,"column":4},"end":{"line":42,"column":4}}]},"6":{"line":51,"type":"if","locations":[{"start":{"line":51,"column":6},"end":{"line":51,"column":6}},{"start":{"line":51,"column":6},"end":{"line":51,"column":6}}]},"7":{"line":53,"type":"if","locations":[{"start":{"line":53,"column":6},"end":{"line":53,"column":6}},{"start":{"line":53,"column":6},"end":{"line":53,"column":6}}]},"8":{"line":70,"type":"if","locations":[{"start":{"line":70,"column":4},"end":{"line":70,"column":4}},{"start":{"line":70,"column":4},"end":{"line":70,"column":4}}]}}},"/home/dafeizizhu/code/huya_video/v-taf/nodejs3/t-rpc/lib/util/response-message.js":{"path":"/home/dafeizizhu/code/huya_video/v-taf/nodejs3/t-rpc/lib/util/response-message.js","s":{"1":39,"2":39,"3":39,"4":39,"5":39,"6":1},"b":{},"f":{"1":39},"fnMap":{"1":{"name":"(anonymous_1)","line":2,"loc":{"start":{"line":2,"column":14},"end":{"line":2,"column":20}}}},"statementMap":{"1":{"start":{"line":3,"column":4},"end":{"line":7,"column":11}},"2":{"start":{"line":8,"column":4},"end":{"line":8,"column":40}},"3":{"start":{"line":9,"column":4},"end":{"line":9,"column":30}},"4":{"start":{"line":10,"column":4},"end":{"line":10,"column":20}},"5":{"start":{"line":11,"column":4},"end":{"line":11,"column":26}},"6":{"start":{"line":15,"column":0},"end":{"line":15,"column":32}}},"branchMap":{}},"/home/dafeizizhu/code/huya_video/v-taf/nodejs3/t-rpc/lib/util/request-message.js":{"path":"/home/dafeizizhu/code/huya_video/v-taf/nodejs3/t-rpc/lib/util/request-message.js","s":{"1":35,"2":35,"3":35,"4":35,"5":35,"6":35,"7":35,"8":1},"b":{},"f":{"1":35},"fnMap":{"1":{"name":"(anonymous_1)","line":2,"loc":{"start":{"line":2,"column":14},"end":{"line":2,"column":20}}}},"statementMap":{"1":{"start":{"line":3,"column":4},"end":{"line":10,"column":11}},"2":{"start":{"line":11,"column":4},"end":{"line":11,"column":30}},"3":{"start":{"line":12,"column":4},"end":{"line":12,"column":34}},"4":{"start":{"line":13,"column":4},"end":{"line":13,"column":28}},"5":{"start":{"line":14,"column":4},"end":{"line":14,"column":30}},"6":{"start":{"line":15,"column":4},"end":{"line":15,"column":28}},"7":{"start":{"line":16,"column":4},"end":{"line":16,"column":32}},"8":{"start":{"line":20,"column":0},"end":{"line":20,"column":31}}},"branchMap":{}},"/home/dafeizizhu/code/huya_video/v-taf/nodejs3/t-rpc/lib/util/endpoint-info.js":{"path":"/home/dafeizizhu/code/huya_video/v-taf/nodejs3/t-rpc/lib/util/endpoint-info.js","s":{"1":1,"2":35,"3":35,"4":35,"5":35,"6":35,"7":35,"8":63,"9":63,"10":63,"11":31,"12":0,"13":5,"14":21,"15":21,"16":21,"17":21,"18":19,"19":19,"20":19,"21":54,"22":54,"23":19,"24":19,"25":19,"26":19,"27":16,"28":16,"29":19,"30":2,"31":1},"b":{"1":[19,19,16]},"f":{"1":35,"2":63,"3":63,"4":63,"5":31,"6":0,"7":5,"8":21},"fnMap":{"1":{"name":"(anonymous_1)","line":4,"loc":{"start":{"line":4,"column":14},"end":{"line":4,"column":20}}},"2":{"name":"(anonymous_2)","line":19,"loc":{"start":{"line":19,"column":19},"end":{"line":19,"column":22}}},"3":{"name":"(anonymous_3)","line":22,"loc":{"start":{"line":22,"column":11},"end":{"line":22,"column":14}}},"4":{"name":"(anonymous_4)","line":25,"loc":{"start":{"line":25,"column":11},"end":{"line":25,"column":14}}},"5":{"name":"(anonymous_5)","line":28,"loc":{"start":{"line":28,"column":14},"end":{"line":28,"column":17}}},"6":{"name":"(anonymous_6)","line":31,"loc":{"start":{"line":31,"column":12},"end":{"line":31,"column":15}}},"7":{"name":"(anonymous_7)","line":34,"loc":{"start":{"line":34,"column":11},"end":{"line":34,"column":14}}},"8":{"name":"(anonymous_8)","line":37,"loc":{"start":{"line":37,"column":15},"end":{"line":37,"column":30}}}},"statementMap":{"1":{"start":{"line":1,"column":0},"end":{"line":1,"column":32}},"2":{"start":{"line":5,"column":4},"end":{"line":11,"column":11}},"3":{"start":{"line":13,"column":4},"end":{"line":13,"column":37}},"4":{"start":{"line":14,"column":4},"end":{"line":14,"column":21}},"5":{"start":{"line":15,"column":4},"end":{"line":15,"column":21}},"6":{"start":{"line":16,"column":4},"end":{"line":16,"column":27}},"7":{"start":{"line":17,"column":4},"end":{"line":17,"column":23}},"8":{"start":{"line":20,"column":4},"end":{"line":20,"column":29}},"9":{"start":{"line":23,"column":4},"end":{"line":23,"column":21}},"10":{"start":{"line":26,"column":4},"end":{"line":26,"column":21}},"11":{"start":{"line":29,"column":4},"end":{"line":29,"column":24}},"12":{"start":{"line":32,"column":4},"end":{"line":32,"column":22}},"13":{"start":{"line":35,"column":4},"end":{"line":35,"column":88}},"14":{"start":{"line":38,"column":4},"end":{"line":62,"column":5}},"15":{"start":{"line":39,"column":6},"end":{"line":39,"column":41}},"16":{"start":{"line":40,"column":6},"end":{"line":40,"column":47}},"17":{"start":{"line":42,"column":6},"end":{"line":42,"column":78}},"18":{"start":{"line":43,"column":6},"end":{"line":43,"column":20}},"19":{"start":{"line":44,"column":6},"end":{"line":44,"column":25}},"20":{"start":{"line":45,"column":6},"end":{"line":58,"column":7}},"21":{"start":{"line":46,"column":8},"end":{"line":46,"column":27}},"22":{"start":{"line":47,"column":8},"end":{"line":57,"column":9}},"23":{"start":{"line":49,"column":12},"end":{"line":49,"column":29}},"24":{"start":{"line":50,"column":12},"end":{"line":50,"column":17}},"25":{"start":{"line":52,"column":12},"end":{"line":52,"column":43}},"26":{"start":{"line":53,"column":12},"end":{"line":53,"column":17}},"27":{"start":{"line":55,"column":12},"end":{"line":55,"column":46}},"28":{"start":{"line":56,"column":12},"end":{"line":56,"column":17}},"29":{"start":{"line":59,"column":6},"end":{"line":59,"column":68}},"30":{"start":{"line":61,"column":6},"end":{"line":61,"column":85}},"31":{"start":{"line":66,"column":0},"end":{"line":66,"column":29}}},"branchMap":{"1":{"line":47,"type":"switch","locations":[{"start":{"line":48,"column":10},"end":{"line":50,"column":17}},{"start":{"line":51,"column":10},"end":{"line":53,"column":17}},{"start":{"line":54,"column":10},"end":{"line":56,"column":17}}]}}},"/home/dafeizizhu/code/huya_video/v-taf/nodejs3/t-rpc/lib/util/object-info.js":{"path":"/home/dafeizizhu/code/huya_video/v-taf/nodejs3/t-rpc/lib/util/object-info.js","s":{"1":1,"2":20,"3":20,"4":20,"5":42,"6":77,"7":1,"8":2,"9":18,"10":18,"11":18,"12":18,"13":18,"14":17,"15":1,"16":1},"b":{"1":[2,16]},"f":{"1":20,"2":42,"3":77,"4":1,"5":18},"fnMap":{"1":{"name":"(anonymous_1)","line":4,"loc":{"start":{"line":4,"column":14},"end":{"line":4,"column":20}}},"2":{"name":"(anonymous_2)","line":12,"loc":{"start":{"line":12,"column":14},"end":{"line":12,"column":17}}},"3":{"name":"(anonymous_3)","line":15,"loc":{"start":{"line":15,"column":16},"end":{"line":15,"column":19}}},"4":{"name":"(anonymous_4)","line":18,"loc":{"start":{"line":18,"column":11},"end":{"line":18,"column":14}}},"5":{"name":"(anonymous_5)","line":21,"loc":{"start":{"line":21,"column":15},"end":{"line":21,"column":32}}}},"statementMap":{"1":{"start":{"line":1,"column":0},"end":{"line":1,"column":47}},"2":{"start":{"line":5,"column":4},"end":{"line":8,"column":11}},"3":{"start":{"line":9,"column":4},"end":{"line":9,"column":27}},"4":{"start":{"line":10,"column":4},"end":{"line":10,"column":31}},"5":{"start":{"line":13,"column":4},"end":{"line":13,"column":24}},"6":{"start":{"line":16,"column":4},"end":{"line":16,"column":26}},"7":{"start":{"line":19,"column":4},"end":{"line":19,"column":95}},"8":{"start":{"line":19,"column":63},"end":{"line":19,"column":82}},"9":{"start":{"line":22,"column":4},"end":{"line":29,"column":5}},"10":{"start":{"line":23,"column":6},"end":{"line":23,"column":43}},"11":{"start":{"line":24,"column":6},"end":{"line":24,"column":88}},"12":{"start":{"line":25,"column":6},"end":{"line":25,"column":90}},"13":{"start":{"line":25,"column":68},"end":{"line":25,"column":89}},"14":{"start":{"line":26,"column":6},"end":{"line":26,"column":51}},"15":{"start":{"line":28,"column":6},"end":{"line":28,"column":88}},"16":{"start":{"line":33,"column":0},"end":{"line":33,"column":27}}},"branchMap":{"1":{"line":25,"type":"cond-expr","locations":[{"start":{"line":25,"column":34},"end":{"line":25,"column":36}},{"start":{"line":25,"column":39},"end":{"line":25,"column":90}}]}}},"/home/dafeizizhu/code/huya_video/v-taf/nodejs3/t-rpc/lib/client/adapter-proxy.js":{"path":"/home/dafeizizhu/code/huya_video/v-taf/nodejs3/t-rpc/lib/client/adapter-proxy.js","s":{"1":1,"2":1,"3":1,"4":1,"5":29,"6":29,"7":29,"8":29,"9":29,"10":29,"11":34,"12":28,"13":28,"14":28,"15":24,"16":24,"17":5,"18":40,"19":40,"20":40,"21":26,"22":40,"23":40,"24":28,"25":28,"26":1,"27":1,"28":1,"29":40,"30":40,"31":18,"32":5,"33":5,"34":5,"35":5,"36":5,"37":26,"38":26,"39":26,"40":23,"41":23,"42":23,"43":23,"44":20,"45":3,"46":23,"47":3,"48":1,"49":2,"50":2,"51":2,"52":31,"53":31,"54":31,"55":31,"56":1,"57":30,"58":30,"59":1,"60":29,"61":5,"62":29,"63":10,"64":1,"65":10,"66":10,"67":10,"68":10,"69":10,"70":10,"71":10,"72":10,"73":1},"b":{"1":[23,3],"2":[20,3],"3":[1,2],"4":[1,29]},"f":{"1":29,"2":34,"3":28,"4":28,"5":28,"6":24,"7":5,"8":40,"9":18,"10":5,"11":26,"12":31,"13":10},"fnMap":{"1":{"name":"(anonymous_1)","line":8,"loc":{"start":{"line":8,"column":14},"end":{"line":8,"column":79}}},"2":{"name":"(anonymous_2)","line":16,"loc":{"start":{"line":16,"column":16},"end":{"line":16,"column":19}}},"3":{"name":"(anonymous_3)","line":19,"loc":{"start":{"line":19,"column":15},"end":{"line":19,"column":18}}},"4":{"name":"(anonymous_4)","line":22,"loc":{"start":{"line":22,"column":21},"end":{"line":22,"column":24}}},"5":{"name":"(anonymous_5)","line":25,"loc":{"start":{"line":25,"column":15},"end":{"line":25,"column":18}}},"6":{"name":"(anonymous_6)","line":28,"loc":{"start":{"line":28,"column":11},"end":{"line":28,"column":14}}},"7":{"name":"(anonymous_7)","line":32,"loc":{"start":{"line":32,"column":10},"end":{"line":32,"column":13}}},"8":{"name":"(anonymous_8)","line":38,"loc":{"start":{"line":38,"column":14},"end":{"line":38,"column":35}}},"9":{"name":"(anonymous_9)","line":55,"loc":{"start":{"line":55,"column":15},"end":{"line":55,"column":18}}},"10":{"name":"(anonymous_10)","line":58,"loc":{"start":{"line":58,"column":11},"end":{"line":58,"column":23}}},"11":{"name":"(anonymous_11)","line":65,"loc":{"start":{"line":65,"column":26},"end":{"line":65,"column":44}}},"12":{"name":"(anonymous_12)","line":95,"loc":{"start":{"line":95,"column":12},"end":{"line":95,"column":29}}},"13":{"name":"(anonymous_13)","line":119,"loc":{"start":{"line":119,"column":10},"end":{"line":119,"column":13}}}},"statementMap":{"1":{"start":{"line":1,"column":0},"end":{"line":1,"column":52}},"2":{"start":{"line":3,"column":0},"end":{"line":3,"column":44}},"3":{"start":{"line":4,"column":0},"end":{"line":4,"column":69}},"4":{"start":{"line":5,"column":0},"end":{"line":5,"column":47}},"5":{"start":{"line":9,"column":4},"end":{"line":9,"column":31}},"6":{"start":{"line":10,"column":4},"end":{"line":10,"column":29}},"7":{"start":{"line":11,"column":4},"end":{"line":11,"column":41}},"8":{"start":{"line":12,"column":4},"end":{"line":12,"column":27}},"9":{"start":{"line":13,"column":4},"end":{"line":13,"column":37}},"10":{"start":{"line":14,"column":4},"end":{"line":14,"column":19}},"11":{"start":{"line":17,"column":4},"end":{"line":17,"column":26}},"12":{"start":{"line":20,"column":4},"end":{"line":20,"column":25}},"13":{"start":{"line":23,"column":4},"end":{"line":23,"column":31}},"14":{"start":{"line":26,"column":4},"end":{"line":26,"column":59}},"15":{"start":{"line":29,"column":4},"end":{"line":29,"column":34}},"16":{"start":{"line":30,"column":4},"end":{"line":30,"column":36}},"17":{"start":{"line":33,"column":4},"end":{"line":33,"column":34}},"18":{"start":{"line":39,"column":4},"end":{"line":39,"column":29}},"19":{"start":{"line":40,"column":4},"end":{"line":40,"column":35}},"20":{"start":{"line":41,"column":4},"end":{"line":41,"column":104}},"21":{"start":{"line":41,"column":58},"end":{"line":41,"column":103}},"22":{"start":{"line":42,"column":4},"end":{"line":42,"column":40}},"23":{"start":{"line":43,"column":4},"end":{"line":51,"column":6}},"24":{"start":{"line":44,"column":6},"end":{"line":50,"column":7}},"25":{"start":{"line":45,"column":8},"end":{"line":45,"column":33}},"26":{"start":{"line":47,"column":8},"end":{"line":47,"column":50}},"27":{"start":{"line":48,"column":8},"end":{"line":48,"column":33}},"28":{"start":{"line":49,"column":8},"end":{"line":49,"column":30}},"29":{"start":{"line":52,"column":4},"end":{"line":52,"column":41}},"30":{"start":{"line":53,"column":4},"end":{"line":53,"column":48}},"31":{"start":{"line":56,"column":4},"end":{"line":56,"column":25}},"32":{"start":{"line":59,"column":4},"end":{"line":59,"column":46}},"33":{"start":{"line":60,"column":4},"end":{"line":60,"column":18}},"34":{"start":{"line":61,"column":4},"end":{"line":61,"column":38}},"35":{"start":{"line":62,"column":4},"end":{"line":62,"column":33}},"36":{"start":{"line":63,"column":4},"end":{"line":63,"column":117}},"37":{"start":{"line":66,"column":4},"end":{"line":66,"column":54}},"38":{"start":{"line":67,"column":4},"end":{"line":67,"column":46}},"39":{"start":{"line":68,"column":4},"end":{"line":93,"column":5}},"40":{"start":{"line":69,"column":6},"end":{"line":69,"column":21}},"41":{"start":{"line":70,"column":6},"end":{"line":70,"column":35}},"42":{"start":{"line":71,"column":6},"end":{"line":71,"column":34}},"43":{"start":{"line":72,"column":6},"end":{"line":81,"column":7}},"44":{"start":{"line":73,"column":8},"end":{"line":78,"column":11}},"45":{"start":{"line":80,"column":8},"end":{"line":80,"column":121}},"46":{"start":{"line":82,"column":6},"end":{"line":82,"column":40}},"47":{"start":{"line":84,"column":6},"end":{"line":92,"column":7}},"48":{"start":{"line":86,"column":8},"end":{"line":86,"column":49}},"49":{"start":{"line":88,"column":8},"end":{"line":88,"column":68}},"50":{"start":{"line":90,"column":8},"end":{"line":90,"column":33}},"51":{"start":{"line":91,"column":8},"end":{"line":91,"column":30}},"52":{"start":{"line":96,"column":4},"end":{"line":117,"column":6}},"53":{"start":{"line":97,"column":6},"end":{"line":97,"column":28}},"54":{"start":{"line":98,"column":6},"end":{"line":102,"column":7}},"55":{"start":{"line":99,"column":8},"end":{"line":99,"column":70}},"56":{"start":{"line":101,"column":8},"end":{"line":101,"column":107}},"57":{"start":{"line":104,"column":6},"end":{"line":104,"column":40}},"58":{"start":{"line":105,"column":6},"end":{"line":116,"column":7}},"59":{"start":{"line":106,"column":8},"end":{"line":106,"column":113}},"60":{"start":{"line":108,"column":8},"end":{"line":114,"column":11}},"61":{"start":{"line":113,"column":41},"end":{"line":113,"column":65}},"62":{"start":{"line":115,"column":8},"end":{"line":115,"column":31}},"63":{"start":{"line":120,"column":4},"end":{"line":120,"column":48}},"64":{"start":{"line":120,"column":32},"end":{"line":120,"column":47}},"65":{"start":{"line":121,"column":4},"end":{"line":121,"column":25}},"66":{"start":{"line":122,"column":4},"end":{"line":122,"column":22}},"67":{"start":{"line":123,"column":4},"end":{"line":123,"column":32}},"68":{"start":{"line":124,"column":4},"end":{"line":124,"column":29}},"69":{"start":{"line":125,"column":4},"end":{"line":125,"column":26}},"70":{"start":{"line":126,"column":4},"end":{"line":126,"column":25}},"71":{"start":{"line":127,"column":4},"end":{"line":127,"column":29}},"72":{"start":{"line":128,"column":4},"end":{"line":128,"column":28}},"73":{"start":{"line":132,"column":0},"end":{"line":132,"column":29}}},"branchMap":{"1":{"line":68,"type":"if","locations":[{"start":{"line":68,"column":4},"end":{"line":68,"column":4}},{"start":{"line":68,"column":4},"end":{"line":68,"column":4}}]},"2":{"line":72,"type":"if","locations":[{"start":{"line":72,"column":6},"end":{"line":72,"column":6}},{"start":{"line":72,"column":6},"end":{"line":72,"column":6}}]},"3":{"line":84,"type":"if","locations":[{"start":{"line":84,"column":6},"end":{"line":84,"column":6}},{"start":{"line":84,"column":6},"end":{"line":84,"column":6}}]},"4":{"line":105,"type":"if","locations":[{"start":{"line":105,"column":6},"end":{"line":105,"column":6}},{"start":{"line":105,"column":6},"end":{"line":105,"column":6}}]}}},"/home/dafeizizhu/code/huya_video/v-taf/nodejs3/t-rpc/lib/client/transceivers/index.js":{"path":"/home/dafeizizhu/code/huya_video/v-taf/nodejs3/t-rpc/lib/client/transceivers/index.js","s":{"1":2,"2":2,"3":41,"4":1,"5":40,"6":2},"b":{"1":[1,40]},"f":{},"fnMap":{},"statementMap":{"1":{"start":{"line":1,"column":0},"end":{"line":1,"column":51}},"2":{"start":{"line":3,"column":0},"end":{"line":8,"column":1}},"3":{"start":{"line":5,"column":4},"end":{"line":5,"column":75}},"4":{"start":{"line":5,"column":41},"end":{"line":5,"column":75}},"5":{"start":{"line":6,"column":4},"end":{"line":6,"column":59}},"6":{"start":{"line":10,"column":0},"end":{"line":10,"column":39}}},"branchMap":{"1":{"line":5,"type":"if","locations":[{"start":{"line":5,"column":4},"end":{"line":5,"column":4}},{"start":{"line":5,"column":4},"end":{"line":5,"column":4}}]}}},"/home/dafeizizhu/code/huya_video/v-taf/nodejs3/t-rpc/lib/util/index.js":{"path":"/home/dafeizizhu/code/huya_video/v-taf/nodejs3/t-rpc/lib/util/index.js","s":{"1":1,"2":31,"3":31,"4":31,"5":31,"6":31,"7":31,"8":80,"9":80,"10":80,"11":34,"12":34,"13":0,"14":34,"15":34,"16":34,"17":29,"18":29,"19":29,"20":29,"21":0,"22":0,"23":26,"24":10,"25":1,"26":20,"27":2,"28":2,"29":0,"30":2,"31":2,"32":2,"33":20,"34":20,"35":1,"36":1},"b":{"1":[0,34],"2":[29,0],"3":[0,2]},"f":{"1":80,"2":34,"3":34,"4":29,"5":0,"6":26,"7":10,"8":20},"fnMap":{"1":{"name":"(anonymous_1)","line":12,"loc":{"start":{"line":12,"column":14},"end":{"line":12,"column":24}}},"2":{"name":"(anonymous_2)","line":17,"loc":{"start":{"line":17,"column":7},"end":{"line":17,"column":15}}},"3":{"name":"(anonymous_3)","line":23,"loc":{"start":{"line":23,"column":11},"end":{"line":23,"column":17}}},"4":{"name":"(anonymous_4)","line":26,"loc":{"start":{"line":26,"column":14},"end":{"line":26,"column":20}}},"5":{"name":"(anonymous_5)","line":33,"loc":{"start":{"line":33,"column":10},"end":{"line":33,"column":13}}},"6":{"name":"(anonymous_6)","line":36,"loc":{"start":{"line":36,"column":13},"end":{"line":36,"column":16}}},"7":{"name":"(anonymous_7)","line":39,"loc":{"start":{"line":39,"column":10},"end":{"line":39,"column":15}}},"8":{"name":"(anonymous_8)","line":42,"loc":{"start":{"line":42,"column":10},"end":{"line":42,"column":13}}}},"statementMap":{"1":{"start":{"line":1,"column":0},"end":{"line":9,"column":1}},"2":{"start":{"line":2,"column":2},"end":{"line":2,"column":19}},"3":{"start":{"line":3,"column":2},"end":{"line":6,"column":4}},"4":{"start":{"line":4,"column":4},"end":{"line":4,"column":30}},"5":{"start":{"line":5,"column":4},"end":{"line":5,"column":28}},"6":{"start":{"line":7,"column":2},"end":{"line":7,"column":28}},"7":{"start":{"line":8,"column":2},"end":{"line":8,"column":17}},"8":{"start":{"line":13,"column":4},"end":{"line":13,"column":27}},"9":{"start":{"line":14,"column":4},"end":{"line":14,"column":19}},"10":{"start":{"line":15,"column":4},"end":{"line":15,"column":21}},"11":{"start":{"line":18,"column":4},"end":{"line":18,"column":34}},"12":{"start":{"line":19,"column":4},"end":{"line":19,"column":40}},"13":{"start":{"line":19,"column":14},"end":{"line":19,"column":40}},"14":{"start":{"line":20,"column":4},"end":{"line":20,"column":24}},"15":{"start":{"line":21,"column":4},"end":{"line":21,"column":29}},"16":{"start":{"line":24,"column":4},"end":{"line":24,"column":28}},"17":{"start":{"line":27,"column":4},"end":{"line":27,"column":39}},"18":{"start":{"line":28,"column":4},"end":{"line":31,"column":5}},"19":{"start":{"line":29,"column":6},"end":{"line":29,"column":33}},"20":{"start":{"line":30,"column":6},"end":{"line":30,"column":30}},"21":{"start":{"line":34,"column":4},"end":{"line":34,"column":51}},"22":{"start":{"line":34,"column":33},"end":{"line":34,"column":50}},"23":{"start":{"line":37,"column":4},"end":{"line":37,"column":28}},"24":{"start":{"line":40,"column":4},"end":{"line":40,"column":52}},"25":{"start":{"line":40,"column":30},"end":{"line":40,"column":51}},"26":{"start":{"line":43,"column":4},"end":{"line":51,"column":5}},"27":{"start":{"line":44,"column":6},"end":{"line":44,"column":29}},"28":{"start":{"line":45,"column":6},"end":{"line":47,"column":7}},"29":{"start":{"line":46,"column":8},"end":{"line":46,"column":35}},"30":{"start":{"line":48,"column":6},"end":{"line":48,"column":30}},"31":{"start":{"line":49,"column":6},"end":{"line":49,"column":16}},"32":{"start":{"line":50,"column":6},"end":{"line":50,"column":26}},"33":{"start":{"line":52,"column":4},"end":{"line":52,"column":21}},"34":{"start":{"line":53,"column":4},"end":{"line":53,"column":23}},"35":{"start":{"line":57,"column":0},"end":{"line":57,"column":21}},"36":{"start":{"line":58,"column":0},"end":{"line":58,"column":23}}},"branchMap":{"1":{"line":19,"type":"if","locations":[{"start":{"line":19,"column":4},"end":{"line":19,"column":4}},{"start":{"line":19,"column":4},"end":{"line":19,"column":4}}]},"2":{"line":28,"type":"if","locations":[{"start":{"line":28,"column":4},"end":{"line":28,"column":4}},{"start":{"line":28,"column":4},"end":{"line":28,"column":4}}]},"3":{"line":45,"type":"if","locations":[{"start":{"line":45,"column":6},"end":{"line":45,"column":6}},{"start":{"line":45,"column":6},"end":{"line":45,"column":6}}]}}},"/home/dafeizizhu/code/huya_video/v-taf/nodejs3/t-rpc/lib/util/rpc-error.js":{"path":"/home/dafeizizhu/code/huya_video/v-taf/nodejs3/t-rpc/lib/util/rpc-error.js","s":{"1":15,"2":15,"3":15,"4":15,"5":15,"6":15,"7":0,"8":0,"9":0,"10":0,"11":0,"12":0,"13":3,"14":0,"15":5,"16":1},"b":{},"f":{"1":15,"2":0,"3":0,"4":0,"5":0,"6":0,"7":0,"8":3,"9":0,"10":5},"fnMap":{"1":{"name":"(anonymous_1)","line":2,"loc":{"start":{"line":2,"column":14},"end":{"line":2,"column":87}}},"2":{"name":"(anonymous_2)","line":14,"loc":{"start":{"line":14,"column":14},"end":{"line":14,"column":81}}},"3":{"name":"(anonymous_3)","line":20,"loc":{"start":{"line":20,"column":14},"end":{"line":20,"column":81}}},"4":{"name":"(anonymous_4)","line":26,"loc":{"start":{"line":26,"column":14},"end":{"line":26,"column":81}}},"5":{"name":"(anonymous_5)","line":32,"loc":{"start":{"line":32,"column":14},"end":{"line":32,"column":81}}},"6":{"name":"(anonymous_6)","line":38,"loc":{"start":{"line":38,"column":14},"end":{"line":38,"column":81}}},"7":{"name":"(anonymous_7)","line":44,"loc":{"start":{"line":44,"column":14},"end":{"line":44,"column":81}}},"8":{"name":"(anonymous_8)","line":50,"loc":{"start":{"line":50,"column":14},"end":{"line":50,"column":81}}},"9":{"name":"(anonymous_9)","line":56,"loc":{"start":{"line":56,"column":14},"end":{"line":56,"column":81}}},"10":{"name":"(anonymous_10)","line":62,"loc":{"start":{"line":62,"column":14},"end":{"line":62,"column":81}}}},"statementMap":{"1":{"start":{"line":3,"column":4},"end":{"line":3,"column":18}},"2":{"start":{"line":5,"column":4},"end":{"line":5,"column":20}},"3":{"start":{"line":6,"column":4},"end":{"line":6,"column":40}},"4":{"start":{"line":7,"column":4},"end":{"line":7,"column":42}},"5":{"start":{"line":8,"column":4},"end":{"line":8,"column":28}},"6":{"start":{"line":9,"column":4},"end":{"line":9,"column":36}},"7":{"start":{"line":15,"column":4},"end":{"line":15,"column":79}},"8":{"start":{"line":21,"column":4},"end":{"line":21,"column":79}},"9":{"start":{"line":27,"column":4},"end":{"line":27,"column":79}},"10":{"start":{"line":33,"column":4},"end":{"line":33,"column":79}},"11":{"start":{"line":39,"column":4},"end":{"line":39,"column":79}},"12":{"start":{"line":45,"column":4},"end":{"line":45,"column":80}},"13":{"start":{"line":51,"column":4},"end":{"line":51,"column":83}},"14":{"start":{"line":57,"column":4},"end":{"line":57,"column":83}},"15":{"start":{"line":63,"column":4},"end":{"line":63,"column":83}},"16":{"start":{"line":67,"column":0},"end":{"line":78,"column":1}}},"branchMap":{}},"/home/dafeizizhu/code/huya_video/v-taf/nodejs3/t-rpc/lib/util/rpc-result.js":{"path":"/home/dafeizizhu/code/huya_video/v-taf/nodejs3/t-rpc/lib/util/rpc-result.js","s":{"1":20,"2":20,"3":20,"4":20,"5":20,"6":1},"b":{},"f":{"1":20},"fnMap":{"1":{"name":"(anonymous_1)","line":2,"loc":{"start":{"line":2,"column":14},"end":{"line":2,"column":20}}}},"statementMap":{"1":{"start":{"line":3,"column":4},"end":{"line":8,"column":11}},"2":{"start":{"line":10,"column":4},"end":{"line":10,"column":40}},"3":{"start":{"line":11,"column":4},"end":{"line":11,"column":42}},"4":{"start":{"line":12,"column":4},"end":{"line":12,"column":28}},"5":{"start":{"line":13,"column":4},"end":{"line":13,"column":36}},"6":{"start":{"line":17,"column":0},"end":{"line":17,"column":26}}},"branchMap":{}},"/home/dafeizizhu/code/huya_video/v-taf/nodejs3/t-rpc/lib/util/set-info.js":{"path":"/home/dafeizizhu/code/huya_video/v-taf/nodejs3/t-rpc/lib/util/set-info.js","s":{"1":5,"2":0,"3":4,"4":1},"b":{},"f":{"1":5,"2":0,"3":4},"fnMap":{"1":{"name":"(anonymous_1)","line":2,"loc":{"start":{"line":2,"column":14},"end":{"line":2,"column":20}}},"2":{"name":"(anonymous_2)","line":5,"loc":{"start":{"line":5,"column":13},"end":{"line":5,"column":16}}},"3":{"name":"(anonymous_3)","line":8,"loc":{"start":{"line":8,"column":15},"end":{"line":8,"column":25}}}},"statementMap":{"1":{"start":{"line":3,"column":4},"end":{"line":3,"column":19}},"2":{"start":{"line":6,"column":4},"end":{"line":6,"column":16}},"3":{"start":{"line":9,"column":4},"end":{"line":9,"column":35}},"4":{"start":{"line":13,"column":0},"end":{"line":13,"column":24}}},"branchMap":{}},"/home/dafeizizhu/code/huya_video/v-taf/nodejs3/t-rpc/lib/client/endpoint-manager.js":{"path":"/home/dafeizizhu/code/huya_video/v-taf/nodejs3/t-rpc/lib/client/endpoint-manager.js","s":{"1":1,"2":1,"3":1,"4":1,"5":1,"6":1,"7":1,"8":1,"9":18,"10":18,"11":18,"12":18,"13":18,"14":18,"15":18,"16":18,"17":18,"18":18,"19":18,"20":18,"21":8,"22":18,"23":10,"24":10,"25":9,"26":10,"27":1,"28":9,"29":7,"30":6,"31":7,"32":10,"33":7,"34":5,"35":4,"36":4,"37":4,"38":1,"39":2,"40":2,"41":2,"42":2,"43":1,"44":1,"45":2,"46":1,"47":1,"48":1,"49":6,"50":6,"51":3,"52":3,"53":19,"54":9,"55":16,"56":9,"57":10,"58":17,"59":17,"60":2,"61":15,"62":15,"63":15,"64":36,"65":11,"66":25,"67":17,"68":8,"69":2,"70":6,"71":36,"72":19,"73":15,"74":3,"75":17,"76":17,"77":4,"78":6,"79":6,"80":4,"81":4,"82":2,"83":2,"84":1},"b":{"1":[1,17],"2":[18,1],"3":[0,18],"4":[18,1],"5":[10,8],"6":[1,9],"7":[6,0],"8":[5,2],"9":[7,7],"10":[4,1],"11":[1,1],"12":[2,2,2],"13":[6,0],"14":[9,10],"15":[2,15],"16":[11,25],"17":[36,20,20],"18":[17,8],"19":[2,6],"20":[19,17],"21":[2,2]},"f":{"1":18,"2":10,"3":10,"4":19,"5":17,"6":36,"7":36,"8":4},"fnMap":{"1":{"name":"(anonymous_1)","line":13,"loc":{"start":{"line":13,"column":14},"end":{"line":13,"column":64}}},"2":{"name":"(anonymous_2)","line":38,"loc":{"start":{"line":38,"column":15},"end":{"line":38,"column":18}}},"3":{"name":"(anonymous_3)","line":53,"loc":{"start":{"line":53,"column":33},"end":{"line":53,"column":36}}},"4":{"name":"(anonymous_4)","line":89,"loc":{"start":{"line":89,"column":22},"end":{"line":89,"column":25}}},"5":{"name":"(anonymous_5)","line":97,"loc":{"start":{"line":97,"column":10},"end":{"line":97,"column":27}}},"6":{"name":"(anonymous_6)","line":107,"loc":{"start":{"line":107,"column":16},"end":{"line":107,"column":19}}},"7":{"name":"(anonymous_7)","line":114,"loc":{"start":{"line":114,"column":21},"end":{"line":114,"column":38}}},"8":{"name":"(anonymous_8)","line":124,"loc":{"start":{"line":124,"column":10},"end":{"line":124,"column":13}}}},"statementMap":{"1":{"start":{"line":1,"column":0},"end":{"line":1,"column":42}},"2":{"start":{"line":3,"column":0},"end":{"line":3,"column":47}},"3":{"start":{"line":4,"column":0},"end":{"line":4,"column":49}},"4":{"start":{"line":5,"column":0},"end":{"line":5,"column":53}},"5":{"start":{"line":6,"column":0},"end":{"line":6,"column":38}},"6":{"start":{"line":7,"column":0},"end":{"line":7,"column":61}},"7":{"start":{"line":9,"column":0},"end":{"line":9,"column":30}},"8":{"start":{"line":10,"column":0},"end":{"line":10,"column":36}},"9":{"start":{"line":14,"column":4},"end":{"line":14,"column":11}},"10":{"start":{"line":16,"column":4},"end":{"line":16,"column":33}},"11":{"start":{"line":17,"column":4},"end":{"line":17,"column":27}},"12":{"start":{"line":18,"column":4},"end":{"line":18,"column":29}},"13":{"start":{"line":19,"column":4},"end":{"line":19,"column":29}},"14":{"start":{"line":20,"column":4},"end":{"line":20,"column":18}},"15":{"start":{"line":21,"column":4},"end":{"line":21,"column":29}},"16":{"start":{"line":22,"column":4},"end":{"line":22,"column":27}},"17":{"start":{"line":24,"column":4},"end":{"line":24,"column":129}},"18":{"start":{"line":25,"column":4},"end":{"line":25,"column":150}},"19":{"start":{"line":27,"column":4},"end":{"line":31,"column":5}},"20":{"start":{"line":28,"column":6},"end":{"line":28,"column":65}},"21":{"start":{"line":30,"column":6},"end":{"line":30,"column":32}},"22":{"start":{"line":33,"column":4},"end":{"line":36,"column":5}},"23":{"start":{"line":34,"column":6},"end":{"line":34,"column":87}},"24":{"start":{"line":35,"column":6},"end":{"line":35,"column":70}},"25":{"start":{"line":35,"column":43},"end":{"line":35,"column":69}},"26":{"start":{"line":39,"column":4},"end":{"line":51,"column":5}},"27":{"start":{"line":40,"column":6},"end":{"line":40,"column":35}},"28":{"start":{"line":42,"column":6},"end":{"line":50,"column":8}},"29":{"start":{"line":43,"column":8},"end":{"line":48,"column":11}},"30":{"start":{"line":43,"column":71},"end":{"line":48,"column":10}},"31":{"start":{"line":49,"column":8},"end":{"line":49,"column":50}},"32":{"start":{"line":54,"column":4},"end":{"line":87,"column":6}},"33":{"start":{"line":55,"column":6},"end":{"line":81,"column":7}},"34":{"start":{"line":56,"column":8},"end":{"line":63,"column":9}},"35":{"start":{"line":57,"column":10},"end":{"line":60,"column":12}},"36":{"start":{"line":58,"column":12},"end":{"line":58,"column":112}},"37":{"start":{"line":59,"column":12},"end":{"line":59,"column":65}},"38":{"start":{"line":62,"column":10},"end":{"line":62,"column":49}},"39":{"start":{"line":65,"column":8},"end":{"line":75,"column":10}},"40":{"start":{"line":66,"column":10},"end":{"line":73,"column":11}},"41":{"start":{"line":67,"column":12},"end":{"line":67,"column":54}},"42":{"start":{"line":68,"column":12},"end":{"line":72,"column":13}},"43":{"start":{"line":71,"column":14},"end":{"line":71,"column":26}},"44":{"start":{"line":74,"column":10},"end":{"line":74,"column":21}},"45":{"start":{"line":76,"column":8},"end":{"line":80,"column":10}},"46":{"start":{"line":77,"column":10},"end":{"line":77,"column":110}},"47":{"start":{"line":78,"column":10},"end":{"line":78,"column":75}},"48":{"start":{"line":79,"column":10},"end":{"line":79,"column":49}},"49":{"start":{"line":82,"column":6},"end":{"line":82,"column":138}},"50":{"start":{"line":83,"column":6},"end":{"line":83,"column":30}},"51":{"start":{"line":85,"column":6},"end":{"line":85,"column":82}},"52":{"start":{"line":86,"column":6},"end":{"line":86,"column":17}},"53":{"start":{"line":90,"column":4},"end":{"line":95,"column":5}},"54":{"start":{"line":91,"column":6},"end":{"line":91,"column":115}},"55":{"start":{"line":91,"column":72},"end":{"line":91,"column":114}},"56":{"start":{"line":92,"column":6},"end":{"line":92,"column":30}},"57":{"start":{"line":94,"column":6},"end":{"line":94,"column":50}},"58":{"start":{"line":98,"column":4},"end":{"line":98,"column":65}},"59":{"start":{"line":99,"column":4},"end":{"line":105,"column":5}},"60":{"start":{"line":100,"column":6},"end":{"line":100,"column":73}},"61":{"start":{"line":102,"column":6},"end":{"line":102,"column":57}},"62":{"start":{"line":103,"column":6},"end":{"line":103,"column":65}},"63":{"start":{"line":104,"column":6},"end":{"line":104,"column":25}},"64":{"start":{"line":108,"column":4},"end":{"line":108,"column":110}},"65":{"start":{"line":108,"column":98},"end":{"line":108,"column":110}},"66":{"start":{"line":109,"column":4},"end":{"line":109,"column":49}},"67":{"start":{"line":109,"column":38},"end":{"line":109,"column":49}},"68":{"start":{"line":110,"column":4},"end":{"line":110,"column":68}},"69":{"start":{"line":110,"column":57},"end":{"line":110,"column":68}},"70":{"start":{"line":112,"column":4},"end":{"line":112,"column":16}},"71":{"start":{"line":115,"column":4},"end":{"line":122,"column":5}},"72":{"start":{"line":116,"column":6},"end":{"line":118,"column":125}},"73":{"start":{"line":117,"column":20},"end":{"line":117,"column":59}},"74":{"start":{"line":118,"column":24},"end":{"line":118,"column":124}},"75":{"start":{"line":120,"column":6},"end":{"line":120,"column":53}},"76":{"start":{"line":121,"column":6},"end":{"line":121,"column":46}},"77":{"start":{"line":125,"column":4},"end":{"line":128,"column":5}},"78":{"start":{"line":126,"column":6},"end":{"line":126,"column":39}},"79":{"start":{"line":127,"column":6},"end":{"line":127,"column":36}},"80":{"start":{"line":129,"column":4},"end":{"line":129,"column":29}},"81":{"start":{"line":130,"column":4},"end":{"line":133,"column":5}},"82":{"start":{"line":131,"column":6},"end":{"line":131,"column":41}},"83":{"start":{"line":132,"column":6},"end":{"line":132,"column":30}},"84":{"start":{"line":137,"column":0},"end":{"line":137,"column":32}}},"branchMap":{"1":{"line":24,"type":"cond-expr","locations":[{"start":{"line":24,"column":73},"end":{"line":24,"column":110}},{"start":{"line":24,"column":113},"end":{"line":24,"column":129}}]},"2":{"line":24,"type":"binary-expr","locations":[{"start":{"line":24,"column":28},"end":{"line":24,"column":35}},{"start":{"line":24,"column":39},"end":{"line":24,"column":70}}]},"3":{"line":25,"type":"cond-expr","locations":[{"start":{"line":25,"column":83},"end":{"line":25,"column":125}},{"start":{"line":25,"column":128},"end":{"line":25,"column":150}}]},"4":{"line":25,"type":"binary-expr","locations":[{"start":{"line":25,"column":33},"end":{"line":25,"column":40}},{"start":{"line":25,"column":44},"end":{"line":25,"column":80}}]},"5":{"line":33,"type":"if","locations":[{"start":{"line":33,"column":4},"end":{"line":33,"column":4}},{"start":{"line":33,"column":4},"end":{"line":33,"column":4}}]},"6":{"line":39,"type":"if","locations":[{"start":{"line":39,"column":4},"end":{"line":39,"column":4}},{"start":{"line":39,"column":4},"end":{"line":39,"column":4}}]},"7":{"line":44,"type":"cond-expr","locations":[{"start":{"line":44,"column":35},"end":{"line":44,"column":40}},{"start":{"line":44,"column":43},"end":{"line":44,"column":48}}]},"8":{"line":55,"type":"if","locations":[{"start":{"line":55,"column":6},"end":{"line":55,"column":6}},{"start":{"line":55,"column":6},"end":{"line":55,"column":6}}]},"9":{"line":55,"type":"binary-expr","locations":[{"start":{"line":55,"column":10},"end":{"line":55,"column":31}},{"start":{"line":55,"column":35},"end":{"line":55,"column":63}}]},"10":{"line":56,"type":"if","locations":[{"start":{"line":56,"column":8},"end":{"line":56,"column":8}},{"start":{"line":56,"column":8},"end":{"line":56,"column":8}}]},"11":{"line":68,"type":"if","locations":[{"start":{"line":68,"column":12},"end":{"line":68,"column":12}},{"start":{"line":68,"column":12},"end":{"line":68,"column":12}}]},"12":{"line":68,"type":"binary-expr","locations":[{"start":{"line":68,"column":16},"end":{"line":68,"column":80}},{"start":{"line":69,"column":14},"end":{"line":69,"column":62}},{"start":{"line":70,"column":14},"end":{"line":70,"column":62}}]},"13":{"line":82,"type":"cond-expr","locations":[{"start":{"line":82,"column":87},"end":{"line":82,"column":108}},{"start":{"line":82,"column":111},"end":{"line":82,"column":137}}]},"14":{"line":90,"type":"if","locations":[{"start":{"line":90,"column":4},"end":{"line":90,"column":4}},{"start":{"line":90,"column":4},"end":{"line":90,"column":4}}]},"15":{"line":99,"type":"if","locations":[{"start":{"line":99,"column":4},"end":{"line":99,"column":4}},{"start":{"line":99,"column":4},"end":{"line":99,"column":4}}]},"16":{"line":108,"type":"if","locations":[{"start":{"line":108,"column":4},"end":{"line":108,"column":4}},{"start":{"line":108,"column":4},"end":{"line":108,"column":4}}]},"17":{"line":108,"type":"binary-expr","locations":[{"start":{"line":108,"column":8},"end":{"line":108,"column":41}},{"start":{"line":108,"column":45},"end":{"line":108,"column":65}},{"start":{"line":108,"column":69},"end":{"line":108,"column":96}}]},"18":{"line":109,"type":"if","locations":[{"start":{"line":109,"column":4},"end":{"line":109,"column":4}},{"start":{"line":109,"column":4},"end":{"line":109,"column":4}}]},"19":{"line":110,"type":"if","locations":[{"start":{"line":110,"column":4},"end":{"line":110,"column":4}},{"start":{"line":110,"column":4},"end":{"line":110,"column":4}}]},"20":{"line":115,"type":"if","locations":[{"start":{"line":115,"column":4},"end":{"line":115,"column":4}},{"start":{"line":115,"column":4},"end":{"line":115,"column":4}}]},"21":{"line":130,"type":"if","locations":[{"start":{"line":130,"column":4},"end":{"line":130,"column":4}},{"start":{"line":130,"column":4},"end":{"line":130,"column":4}}]}}},"/home/dafeizizhu/code/huya_video/v-taf/nodejs3/t-rpc/lib/client/registry/index.js":{"path":"/home/dafeizizhu/code/huya_video/v-taf/nodejs3/t-rpc/lib/client/registry/index.js","s":{"1":1,"2":1,"3":1,"4":1,"5":10,"6":10,"7":10,"8":10,"9":9,"10":9,"11":9,"12":7,"13":7,"14":2,"15":2,"16":2,"17":10,"18":10,"19":10,"20":10,"21":10,"22":9,"23":9,"24":2,"25":2,"26":1},"b":{},"f":{"1":10,"2":9,"3":9,"4":2,"5":10,"6":9,"7":2},"fnMap":{"1":{"name":"(anonymous_1)","line":8,"loc":{"start":{"line":8,"column":14},"end":{"line":8,"column":37}}},"2":{"name":"(anonymous_2)","line":15,"loc":{"start":{"line":15,"column":16},"end":{"line":15,"column":19}}},"3":{"name":"(anonymous_3)","line":18,"loc":{"start":{"line":18,"column":9},"end":{"line":18,"column":41}}},"4":{"name":"(anonymous_4)","line":39,"loc":{"start":{"line":39,"column":10},"end":{"line":39,"column":13}}},"5":{"name":"(anonymous_5)","line":45,"loc":{"start":{"line":45,"column":14},"end":{"line":45,"column":37}}},"6":{"name":"(anonymous_6)","line":53,"loc":{"start":{"line":53,"column":28},"end":{"line":53,"column":33}}},"7":{"name":"(anonymous_7)","line":56,"loc":{"start":{"line":56,"column":10},"end":{"line":56,"column":13}}}},"statementMap":{"1":{"start":{"line":1,"column":0},"end":{"line":1,"column":42}},"2":{"start":{"line":3,"column":0},"end":{"line":3,"column":48}},"3":{"start":{"line":4,"column":0},"end":{"line":4,"column":60}},"4":{"start":{"line":5,"column":0},"end":{"line":5,"column":51}},"5":{"start":{"line":9,"column":4},"end":{"line":9,"column":11}},"6":{"start":{"line":11,"column":4},"end":{"line":11,"column":33}},"7":{"start":{"line":12,"column":4},"end":{"line":12,"column":76}},"8":{"start":{"line":13,"column":4},"end":{"line":13,"column":23}},"9":{"start":{"line":16,"column":4},"end":{"line":16,"column":28}},"10":{"start":{"line":20,"column":4},"end":{"line":27,"column":6}},"11":{"start":{"line":29,"column":4},"end":{"line":37,"column":8}},"12":{"start":{"line":31,"column":8},"end":{"line":31,"column":44}},"13":{"start":{"line":32,"column":8},"end":{"line":32,"column":41}},"14":{"start":{"line":35,"column":8},"end":{"line":35,"column":50}},"15":{"start":{"line":36,"column":8},"end":{"line":36,"column":36}},"16":{"start":{"line":40,"column":4},"end":{"line":40,"column":32}},"17":{"start":{"line":46,"column":4},"end":{"line":46,"column":11}},"18":{"start":{"line":48,"column":4},"end":{"line":48,"column":35}},"19":{"start":{"line":49,"column":4},"end":{"line":49,"column":42}},"20":{"start":{"line":50,"column":4},"end":{"line":50,"column":62}},"21":{"start":{"line":51,"column":4},"end":{"line":51,"column":78}},"22":{"start":{"line":51,"column":51},"end":{"line":51,"column":77}},"23":{"start":{"line":54,"column":4},"end":{"line":54,"column":52}},"24":{"start":{"line":57,"column":4},"end":{"line":57,"column":49}},"25":{"start":{"line":58,"column":4},"end":{"line":58,"column":38}},"26":{"start":{"line":62,"column":0},"end":{"line":62,"column":25}}},"branchMap":{}},"/home/dafeizizhu/code/huya_video/v-taf/nodejs3/t-rpc/lib/client/object-proxy.js":{"path":"/home/dafeizizhu/code/huya_video/v-taf/nodejs3/t-rpc/lib/client/object-proxy.js","s":{"1":1,"2":1,"3":1,"4":8,"5":8,"6":8,"7":8,"8":8,"9":1,"10":8,"11":7,"12":7,"13":7,"14":7,"15":2,"16":7,"17":2,"18":7,"19":2,"20":7,"21":2,"22":7,"23":7,"24":7,"25":6,"26":6,"27":1,"28":1,"29":2,"30":2,"31":1},"b":{"1":[7,3],"2":[2,5],"3":[2,5],"4":[2,5],"5":[2,5],"6":[7,7]},"f":{"1":8,"2":7,"3":7,"4":2},"fnMap":{"1":{"name":"(anonymous_1)","line":7,"loc":{"start":{"line":7,"column":14},"end":{"line":7,"column":55}}},"2":{"name":"(anonymous_2)","line":16,"loc":{"start":{"line":16,"column":16},"end":{"line":16,"column":19}}},"3":{"name":"(anonymous_3)","line":19,"loc":{"start":{"line":19,"column":9},"end":{"line":19,"column":41}}},"4":{"name":"(anonymous_4)","line":47,"loc":{"start":{"line":47,"column":10},"end":{"line":47,"column":13}}}},"statementMap":{"1":{"start":{"line":1,"column":0},"end":{"line":1,"column":42}},"2":{"start":{"line":3,"column":0},"end":{"line":3,"column":53}},"3":{"start":{"line":4,"column":0},"end":{"line":4,"column":57}},"4":{"start":{"line":8,"column":4},"end":{"line":8,"column":11}},"5":{"start":{"line":10,"column":4},"end":{"line":10,"column":33}},"6":{"start":{"line":11,"column":4},"end":{"line":11,"column":27}},"7":{"start":{"line":12,"column":4},"end":{"line":12,"column":99}},"8":{"start":{"line":13,"column":4},"end":{"line":13,"column":75}},"9":{"start":{"line":13,"column":48},"end":{"line":13,"column":74}},"10":{"start":{"line":14,"column":4},"end":{"line":14,"column":23}},"11":{"start":{"line":17,"column":4},"end":{"line":17,"column":28}},"12":{"start":{"line":20,"column":4},"end":{"line":20,"column":24}},"13":{"start":{"line":21,"column":4},"end":{"line":21,"column":29}},"14":{"start":{"line":22,"column":4},"end":{"line":22,"column":79}},"15":{"start":{"line":22,"column":43},"end":{"line":22,"column":79}},"16":{"start":{"line":23,"column":4},"end":{"line":23,"column":82}},"17":{"start":{"line":23,"column":44},"end":{"line":23,"column":82}},"18":{"start":{"line":24,"column":4},"end":{"line":24,"column":91}},"19":{"start":{"line":24,"column":47},"end":{"line":24,"column":91}},"20":{"start":{"line":25,"column":4},"end":{"line":25,"column":85}},"21":{"start":{"line":25,"column":45},"end":{"line":25,"column":85}},"22":{"start":{"line":27,"column":4},"end":{"line":34,"column":6}},"23":{"start":{"line":36,"column":4},"end":{"line":45,"column":8}},"24":{"start":{"line":37,"column":34},"end":{"line":37,"column":72}},"25":{"start":{"line":39,"column":8},"end":{"line":39,"column":44}},"26":{"start":{"line":40,"column":8},"end":{"line":40,"column":41}},"27":{"start":{"line":43,"column":8},"end":{"line":43,"column":50}},"28":{"start":{"line":44,"column":8},"end":{"line":44,"column":36}},"29":{"start":{"line":48,"column":4},"end":{"line":48,"column":46}},"30":{"start":{"line":49,"column":4},"end":{"line":49,"column":35}},"31":{"start":{"line":53,"column":0},"end":{"line":53,"column":28}}},"branchMap":{"1":{"line":21,"type":"binary-expr","locations":[{"start":{"line":21,"column":15},"end":{"line":21,"column":23}},{"start":{"line":21,"column":27},"end":{"line":21,"column":29}}]},"2":{"line":22,"type":"if","locations":[{"start":{"line":22,"column":4},"end":{"line":22,"column":4}},{"start":{"line":22,"column":4},"end":{"line":22,"column":4}}]},"3":{"line":23,"type":"if","locations":[{"start":{"line":23,"column":4},"end":{"line":23,"column":4}},{"start":{"line":23,"column":4},"end":{"line":23,"column":4}}]},"4":{"line":24,"type":"if","locations":[{"start":{"line":24,"column":4},"end":{"line":24,"column":4}},{"start":{"line":24,"column":4},"end":{"line":24,"column":4}}]},"5":{"line":25,"type":"if","locations":[{"start":{"line":25,"column":4},"end":{"line":25,"column":4}},{"start":{"line":25,"column":4},"end":{"line":25,"column":4}}]},"6":{"line":33,"type":"binary-expr","locations":[{"start":{"line":33,"column":18},"end":{"line":33,"column":37}},{"start":{"line":33,"column":41},"end":{"line":33,"column":42}}]}}},"/home/dafeizizhu/code/huya_video/v-taf/nodejs3/t-rpc/lib/client/t-client.js":{"path":"/home/dafeizizhu/code/huya_video/v-taf/nodejs3/t-rpc/lib/client/t-client.js","s":{"1":1,"2":1,"3":1,"4":1,"5":1,"6":5,"7":5,"8":5,"9":5,"10":5,"11":5,"12":5,"13":5,"14":2,"15":1,"16":5,"17":5,"18":4,"19":4,"20":4,"21":4,"22":4,"23":4,"24":1,"25":3,"26":3,"27":2,"28":3,"29":3,"30":1,"31":1,"32":1,"33":1,"34":1,"35":1},"b":{"1":[5,1],"2":[4,4],"3":[1,3]},"f":{"1":5,"2":1,"3":5,"4":4,"5":1},"fnMap":{"1":{"name":"(anonymous_1)","line":9,"loc":{"start":{"line":9,"column":14},"end":{"line":9,"column":24}}},"2":{"name":"(anonymous_2)","line":24,"loc":{"start":{"line":24,"column":14},"end":{"line":24,"column":17}}},"3":{"name":"(anonymous_3)","line":27,"loc":{"start":{"line":27,"column":16},"end":{"line":27,"column":49}}},"4":{"name":"(anonymous_4)","line":37,"loc":{"start":{"line":37,"column":18},"end":{"line":37,"column":47}}},"5":{"name":"(anonymous_5)","line":47,"loc":{"start":{"line":47,"column":10},"end":{"line":47,"column":13}}}},"statementMap":{"1":{"start":{"line":1,"column":0},"end":{"line":1,"column":32}},"2":{"start":{"line":2,"column":0},"end":{"line":2,"column":42}},"3":{"start":{"line":4,"column":0},"end":{"line":4,"column":49}},"4":{"start":{"line":5,"column":0},"end":{"line":5,"column":43}},"5":{"start":{"line":6,"column":0},"end":{"line":6,"column":45}},"6":{"start":{"line":10,"column":4},"end":{"line":10,"column":11}},"7":{"start":{"line":12,"column":4},"end":{"line":12,"column":24}},"8":{"start":{"line":13,"column":4},"end":{"line":13,"column":24}},"9":{"start":{"line":14,"column":4},"end":{"line":14,"column":29}},"10":{"start":{"line":15,"column":4},"end":{"line":15,"column":22}},"11":{"start":{"line":17,"column":4},"end":{"line":22,"column":5}},"12":{"start":{"line":18,"column":6},"end":{"line":18,"column":29}},"13":{"start":{"line":19,"column":6},"end":{"line":19,"column":65}},"14":{"start":{"line":21,"column":6},"end":{"line":21,"column":32}},"15":{"start":{"line":25,"column":4},"end":{"line":25,"column":24}},"16":{"start":{"line":28,"column":4},"end":{"line":28,"column":42}},"17":{"start":{"line":29,"column":4},"end":{"line":29,"column":100}},"18":{"start":{"line":31,"column":4},"end":{"line":31,"column":34}},"19":{"start":{"line":32,"column":4},"end":{"line":32,"column":25}},"20":{"start":{"line":33,"column":4},"end":{"line":33,"column":86}},"21":{"start":{"line":35,"column":4},"end":{"line":35,"column":16}},"22":{"start":{"line":38,"column":4},"end":{"line":38,"column":43}},"23":{"start":{"line":39,"column":4},"end":{"line":41,"column":5}},"24":{"start":{"line":40,"column":6},"end":{"line":40,"column":38}},"25":{"start":{"line":42,"column":4},"end":{"line":42,"column":113}},"26":{"start":{"line":43,"column":4},"end":{"line":43,"column":65}},"27":{"start":{"line":43,"column":38},"end":{"line":43,"column":64}},"28":{"start":{"line":44,"column":4},"end":{"line":44,"column":43}},"29":{"start":{"line":45,"column":4},"end":{"line":45,"column":22}},"30":{"start":{"line":48,"column":4},"end":{"line":52,"column":6}},"31":{"start":{"line":49,"column":6},"end":{"line":49,"column":52}},"32":{"start":{"line":50,"column":6},"end":{"line":50,"column":41}},"33":{"start":{"line":51,"column":6},"end":{"line":51,"column":38}},"34":{"start":{"line":53,"column":4},"end":{"line":53,"column":29}},"35":{"start":{"line":57,"column":0},"end":{"line":57,"column":24}}},"branchMap":{"1":{"line":29,"type":"binary-expr","locations":[{"start":{"line":29,"column":11},"end":{"line":29,"column":38}},{"start":{"line":29,"column":42},"end":{"line":29,"column":55}}]},"2":{"line":38,"type":"binary-expr","locations":[{"start":{"line":38,"column":28},"end":{"line":38,"column":35}},{"start":{"line":38,"column":39},"end":{"line":38,"column":41}}]},"3":{"line":39,"type":"if","locations":[{"start":{"line":39,"column":4},"end":{"line":39,"column":4}},{"start":{"line":39,"column":4},"end":{"line":39,"column":4}}]}}},"/home/dafeizizhu/code/huya_video/v-taf/nodejs3/t-rpc/lib/server/transceivers/tcp-transceiver.js":{"path":"/home/dafeizizhu/code/huya_video/v-taf/nodejs3/t-rpc/lib/server/transceivers/tcp-transceiver.js","s":{"1":1,"2":11,"3":11,"4":11,"5":6,"6":11,"7":1,"8":1,"9":1,"10":11,"11":2,"12":2,"13":6,"14":8,"15":8,"16":8,"17":1},"b":{},"f":{"1":11,"2":6,"3":8},"fnMap":{"1":{"name":"(anonymous_1)","line":4,"loc":{"start":{"line":4,"column":14},"end":{"line":4,"column":23}}},"2":{"name":"(anonymous_2)","line":19,"loc":{"start":{"line":19,"column":7},"end":{"line":19,"column":16}}},"3":{"name":"(anonymous_3)","line":22,"loc":{"start":{"line":22,"column":8},"end":{"line":22,"column":11}}}},"statementMap":{"1":{"start":{"line":1,"column":0},"end":{"line":1,"column":42}},"2":{"start":{"line":5,"column":4},"end":{"line":5,"column":11}},"3":{"start":{"line":7,"column":4},"end":{"line":7,"column":25}},"4":{"start":{"line":8,"column":4},"end":{"line":8,"column":64}},"5":{"start":{"line":8,"column":36},"end":{"line":8,"column":63}},"6":{"start":{"line":9,"column":4},"end":{"line":13,"column":6}},"7":{"start":{"line":10,"column":6},"end":{"line":10,"column":49}},"8":{"start":{"line":11,"column":6},"end":{"line":11,"column":18}},"9":{"start":{"line":12,"column":6},"end":{"line":12,"column":24}},"10":{"start":{"line":14,"column":4},"end":{"line":17,"column":6}},"11":{"start":{"line":15,"column":6},"end":{"line":15,"column":18}},"12":{"start":{"line":16,"column":6},"end":{"line":16,"column":24}},"13":{"start":{"line":20,"column":4},"end":{"line":20,"column":30}},"14":{"start":{"line":23,"column":4},"end":{"line":23,"column":37}},"15":{"start":{"line":24,"column":4},"end":{"line":24,"column":26}},"16":{"start":{"line":25,"column":4},"end":{"line":25,"column":28}},"17":{"start":{"line":29,"column":0},"end":{"line":29,"column":31}}},"branchMap":{}},"/home/dafeizizhu/code/huya_video/v-taf/nodejs3/t-rpc/lib/server/listeners/tcp-listener.js":{"path":"/home/dafeizizhu/code/huya_video/v-taf/nodejs3/t-rpc/lib/server/listeners/tcp-listener.js","s":{"1":1,"2":1,"3":8,"4":8,"5":8,"6":8,"7":8,"8":7,"9":7,"10":3,"11":3,"12":3,"13":1},"b":{"1":[1,2]},"f":{"1":8,"2":7,"3":3},"fnMap":{"1":{"name":"(anonymous_1)","line":5,"loc":{"start":{"line":5,"column":14},"end":{"line":5,"column":40}}},"2":{"name":"(anonymous_2)","line":14,"loc":{"start":{"line":14,"column":8},"end":{"line":14,"column":11}}},"3":{"name":"(anonymous_3)","line":17,"loc":{"start":{"line":17,"column":7},"end":{"line":17,"column":10}}}},"statementMap":{"1":{"start":{"line":1,"column":0},"end":{"line":1,"column":42}},"2":{"start":{"line":2,"column":0},"end":{"line":2,"column":26}},"3":{"start":{"line":6,"column":4},"end":{"line":6,"column":11}},"4":{"start":{"line":8,"column":4},"end":{"line":8,"column":37}},"5":{"start":{"line":9,"column":4},"end":{"line":9,"column":31}},"6":{"start":{"line":11,"column":4},"end":{"line":11,"column":39}},"7":{"start":{"line":12,"column":4},"end":{"line":12,"column":82}},"8":{"start":{"line":12,"column":46},"end":{"line":12,"column":81}},"9":{"start":{"line":15,"column":4},"end":{"line":15,"column":62}},"10":{"start":{"line":18,"column":4},"end":{"line":20,"column":6}},"11":{"start":{"line":19,"column":6},"end":{"line":19,"column":64}},"12":{"start":{"line":19,"column":34},"end":{"line":19,"column":63}},"13":{"start":{"line":24,"column":0},"end":{"line":24,"column":28}}},"branchMap":{"1":{"line":19,"type":"cond-expr","locations":[{"start":{"line":19,"column":40},"end":{"line":19,"column":51}},{"start":{"line":19,"column":54},"end":{"line":19,"column":63}}]}}},"/home/dafeizizhu/code/huya_video/v-taf/nodejs3/t-rpc/lib/protocols/taf/server.js":{"path":"/home/dafeizizhu/code/huya_video/v-taf/nodejs3/t-rpc/lib/protocols/taf/server.js","s":{"1":1,"2":1,"3":1,"4":1,"5":13,"6":13,"7":3,"8":3,"9":3,"10":3,"11":3,"12":3,"13":3,"14":3,"15":8,"16":8,"17":3,"18":5,"19":5,"20":5,"21":5,"22":5,"23":5,"24":5,"25":5,"26":5,"27":83,"28":77,"29":77,"30":77,"31":77,"32":77,"33":83,"34":83,"35":92,"36":0,"37":92,"38":92,"39":77,"40":15,"41":15,"42":15,"43":15,"44":15,"45":15,"46":15,"47":15,"48":15,"49":15,"50":15,"51":83,"52":77,"53":77,"54":4,"55":1},"b":{"1":[3,5],"2":[5,4],"3":[5,1],"4":[5,5],"5":[77,6],"6":[0,92],"7":[77,15],"8":[77,6]},"f":{"1":13,"2":3,"3":8,"4":83,"5":4},"fnMap":{"1":{"name":"(anonymous_1)","line":8,"loc":{"start":{"line":8,"column":14},"end":{"line":8,"column":17}}},"2":{"name":"(anonymous_2)","line":13,"loc":{"start":{"line":13,"column":10},"end":{"line":13,"column":28}}},"3":{"name":"(anonymous_3)","line":36,"loc":{"start":{"line":36,"column":15},"end":{"line":36,"column":23}}},"4":{"name":"(anonymous_4)","line":69,"loc":{"start":{"line":69,"column":7},"end":{"line":69,"column":16}}},"5":{"name":"(anonymous_5)","line":107,"loc":{"start":{"line":107,"column":8},"end":{"line":107,"column":11}}}},"statementMap":{"1":{"start":{"line":1,"column":0},"end":{"line":1,"column":42}},"2":{"start":{"line":2,"column":0},"end":{"line":2,"column":33}},"3":{"start":{"line":4,"column":0},"end":{"line":4,"column":69}},"4":{"start":{"line":5,"column":0},"end":{"line":5,"column":60}},"5":{"start":{"line":9,"column":4},"end":{"line":9,"column":11}},"6":{"start":{"line":11,"column":4},"end":{"line":11,"column":23}},"7":{"start":{"line":14,"column":4},"end":{"line":14,"column":54}},"8":{"start":{"line":15,"column":4},"end":{"line":15,"column":45}},"9":{"start":{"line":17,"column":4},"end":{"line":27,"column":6}},"10":{"start":{"line":29,"column":4},"end":{"line":29,"column":39}},"11":{"start":{"line":30,"column":4},"end":{"line":30,"column":25}},"12":{"start":{"line":31,"column":4},"end":{"line":31,"column":42}},"13":{"start":{"line":32,"column":4},"end":{"line":32,"column":41}},"14":{"start":{"line":34,"column":4},"end":{"line":34,"column":28}},"15":{"start":{"line":37,"column":4},"end":{"line":37,"column":44}},"16":{"start":{"line":39,"column":4},"end":{"line":39,"column":57}},"17":{"start":{"line":39,"column":26},"end":{"line":39,"column":57}},"18":{"start":{"line":41,"column":4},"end":{"line":41,"column":23}},"19":{"start":{"line":42,"column":4},"end":{"line":42,"column":39}},"20":{"start":{"line":44,"column":4},"end":{"line":48,"column":5}},"21":{"start":{"line":50,"column":4},"end":{"line":60,"column":6}},"22":{"start":{"line":62,"column":4},"end":{"line":62,"column":39}},"23":{"start":{"line":63,"column":4},"end":{"line":63,"column":25}},"24":{"start":{"line":64,"column":4},"end":{"line":64,"column":42}},"25":{"start":{"line":65,"column":4},"end":{"line":65,"column":41}},"26":{"start":{"line":67,"column":4},"end":{"line":67,"column":28}},"27":{"start":{"line":70,"column":4},"end":{"line":76,"column":5}},"28":{"start":{"line":71,"column":6},"end":{"line":71,"column":71}},"29":{"start":{"line":72,"column":6},"end":{"line":72,"column":31}},"30":{"start":{"line":73,"column":6},"end":{"line":73,"column":43}},"31":{"start":{"line":74,"column":6},"end":{"line":74,"column":25}},"32":{"start":{"line":75,"column":6},"end":{"line":75,"column":18}},"33":{"start":{"line":77,"column":4},"end":{"line":77,"column":15}},"34":{"start":{"line":78,"column":4},"end":{"line":101,"column":5}},"35":{"start":{"line":79,"column":6},"end":{"line":79,"column":40}},"36":{"start":{"line":79,"column":35},"end":{"line":79,"column":40}},"37":{"start":{"line":80,"column":6},"end":{"line":80,"column":43}},"38":{"start":{"line":81,"column":6},"end":{"line":81,"column":45}},"39":{"start":{"line":81,"column":40},"end":{"line":81,"column":45}},"40":{"start":{"line":83,"column":6},"end":{"line":83,"column":95}},"41":{"start":{"line":84,"column":6},"end":{"line":84,"column":64}},"42":{"start":{"line":85,"column":6},"end":{"line":85,"column":46}},"43":{"start":{"line":86,"column":6},"end":{"line":86,"column":50}},"44":{"start":{"line":87,"column":6},"end":{"line":87,"column":44}},"45":{"start":{"line":88,"column":6},"end":{"line":88,"column":43}},"46":{"start":{"line":89,"column":6},"end":{"line":89,"column":55}},"47":{"start":{"line":90,"column":6},"end":{"line":90,"column":48}},"48":{"start":{"line":91,"column":6},"end":{"line":98,"column":8}},"49":{"start":{"line":99,"column":6},"end":{"line":99,"column":46}},"50":{"start":{"line":100,"column":6},"end":{"line":100,"column":19}},"51":{"start":{"line":102,"column":4},"end":{"line":105,"column":5}},"52":{"start":{"line":103,"column":6},"end":{"line":103,"column":60}},"53":{"start":{"line":104,"column":6},"end":{"line":104,"column":39}},"54":{"start":{"line":108,"column":4},"end":{"line":108,"column":23}},"55":{"start":{"line":112,"column":0},"end":{"line":112,"column":34}}},"branchMap":{"1":{"line":39,"type":"if","locations":[{"start":{"line":39,"column":4},"end":{"line":39,"column":4}},{"start":{"line":39,"column":4},"end":{"line":39,"column":4}}]},"2":{"line":41,"type":"binary-expr","locations":[{"start":{"line":41,"column":11},"end":{"line":41,"column":15}},{"start":{"line":41,"column":19},"end":{"line":41,"column":23}}]},"3":{"line":42,"type":"binary-expr","locations":[{"start":{"line":42,"column":14},"end":{"line":42,"column":21}},{"start":{"line":42,"column":25},"end":{"line":42,"column":39}}]},"4":{"line":44,"type":"binary-expr","locations":[{"start":{"line":44,"column":15},"end":{"line":44,"column":35}},{"start":{"line":44,"column":39},"end":{"line":48,"column":5}}]},"5":{"line":70,"type":"if","locations":[{"start":{"line":70,"column":4},"end":{"line":70,"column":4}},{"start":{"line":70,"column":4},"end":{"line":70,"column":4}}]},"6":{"line":79,"type":"if","locations":[{"start":{"line":79,"column":6},"end":{"line":79,"column":6}},{"start":{"line":79,"column":6},"end":{"line":79,"column":6}}]},"7":{"line":81,"type":"if","locations":[{"start":{"line":81,"column":6},"end":{"line":81,"column":6}},{"start":{"line":81,"column":6},"end":{"line":81,"column":6}}]},"8":{"line":102,"type":"if","locations":[{"start":{"line":102,"column":4},"end":{"line":102,"column":4}},{"start":{"line":102,"column":4},"end":{"line":102,"column":4}}]}}},"/home/dafeizizhu/code/huya_video/v-taf/nodejs3/t-rpc/lib/server/data-adapter.js":{"path":"/home/dafeizizhu/code/huya_video/v-taf/nodejs3/t-rpc/lib/server/data-adapter.js","s":{"1":1,"2":1,"3":8,"4":8,"5":8,"6":1,"7":8,"8":5,"9":8,"10":8,"11":5,"12":2,"13":5,"14":5,"15":2,"16":2,"17":2,"18":6,"19":4,"20":4,"21":4,"22":6,"23":4,"24":4,"25":4,"26":1},"b":{"1":[4,2],"2":[4,2]},"f":{"1":8,"2":2,"3":5,"4":6},"fnMap":{"1":{"name":"(anonymous_1)","line":6,"loc":{"start":{"line":6,"column":14},"end":{"line":6,"column":47}}},"2":{"name":"(anonymous_2)","line":15,"loc":{"start":{"line":15,"column":13},"end":{"line":15,"column":31}}},"3":{"name":"(anonymous_3)","line":18,"loc":{"start":{"line":18,"column":10},"end":{"line":18,"column":18}}},"4":{"name":"(anonymous_4)","line":27,"loc":{"start":{"line":27,"column":10},"end":{"line":27,"column":13}}}},"statementMap":{"1":{"start":{"line":1,"column":0},"end":{"line":1,"column":42}},"2":{"start":{"line":3,"column":0},"end":{"line":3,"column":52}},"3":{"start":{"line":7,"column":4},"end":{"line":7,"column":11}},"4":{"start":{"line":9,"column":4},"end":{"line":9,"column":52}},"5":{"start":{"line":10,"column":4},"end":{"line":10,"column":59}},"6":{"start":{"line":10,"column":40},"end":{"line":10,"column":58}},"7":{"start":{"line":11,"column":4},"end":{"line":11,"column":73}},"8":{"start":{"line":11,"column":47},"end":{"line":11,"column":72}},"9":{"start":{"line":12,"column":4},"end":{"line":12,"column":35}},"10":{"start":{"line":13,"column":4},"end":{"line":13,"column":98}},"11":{"start":{"line":13,"column":57},"end":{"line":13,"column":97}},"12":{"start":{"line":16,"column":4},"end":{"line":16,"column":67}},"13":{"start":{"line":19,"column":4},"end":{"line":25,"column":5}},"14":{"start":{"line":20,"column":6},"end":{"line":20,"column":64}},"15":{"start":{"line":22,"column":6},"end":{"line":22,"column":51}},"16":{"start":{"line":23,"column":6},"end":{"line":23,"column":20}},"17":{"start":{"line":24,"column":6},"end":{"line":24,"column":24}},"18":{"start":{"line":28,"column":4},"end":{"line":32,"column":5}},"19":{"start":{"line":29,"column":6},"end":{"line":29,"column":44}},"20":{"start":{"line":30,"column":6},"end":{"line":30,"column":31}},"21":{"start":{"line":31,"column":6},"end":{"line":31,"column":30}},"22":{"start":{"line":33,"column":4},"end":{"line":37,"column":5}},"23":{"start":{"line":34,"column":6},"end":{"line":34,"column":41}},"24":{"start":{"line":35,"column":6},"end":{"line":35,"column":28}},"25":{"start":{"line":36,"column":6},"end":{"line":36,"column":27}},"26":{"start":{"line":41,"column":0},"end":{"line":41,"column":28}}},"branchMap":{"1":{"line":28,"type":"if","locations":[{"start":{"line":28,"column":4},"end":{"line":28,"column":4}},{"start":{"line":28,"column":4},"end":{"line":28,"column":4}}]},"2":{"line":33,"type":"if","locations":[{"start":{"line":33,"column":4},"end":{"line":33,"column":4}},{"start":{"line":33,"column":4},"end":{"line":33,"column":4}}]}}},"/home/dafeizizhu/code/huya_video/v-taf/nodejs3/t-rpc/lib/server/transceivers/index.js":{"path":"/home/dafeizizhu/code/huya_video/v-taf/nodejs3/t-rpc/lib/server/transceivers/index.js","s":{"1":2,"2":2,"3":9,"4":1,"5":8,"6":2},"b":{"1":[1,8]},"f":{},"fnMap":{},"statementMap":{"1":{"start":{"line":1,"column":0},"end":{"line":1,"column":51}},"2":{"start":{"line":3,"column":0},"end":{"line":8,"column":1}},"3":{"start":{"line":5,"column":4},"end":{"line":5,"column":66}},"4":{"start":{"line":5,"column":32},"end":{"line":5,"column":66}},"5":{"start":{"line":6,"column":4},"end":{"line":6,"column":37}},"6":{"start":{"line":10,"column":0},"end":{"line":10,"column":39}}},"branchMap":{"1":{"line":5,"type":"if","locations":[{"start":{"line":5,"column":4},"end":{"line":5,"column":4}},{"start":{"line":5,"column":4},"end":{"line":5,"column":4}}]}}},"/home/dafeizizhu/code/huya_video/v-taf/nodejs3/t-rpc/lib/server/bind-adapter.js":{"path":"/home/dafeizizhu/code/huya_video/v-taf/nodejs3/t-rpc/lib/server/bind-adapter.js","s":{"1":1,"2":1,"3":1,"4":6,"5":6,"6":6,"7":5,"8":6,"9":6,"10":5,"11":5,"12":1,"13":5,"14":4,"15":5,"16":1,"17":1,"18":1,"19":1,"20":1,"21":1,"22":4,"23":4,"24":1,"25":1,"26":2,"27":5,"28":1,"29":1,"30":1,"31":1,"32":1,"33":1,"34":1},"b":{"1":[1,0]},"f":{"1":6,"2":5,"3":1,"4":4,"5":5,"6":1},"fnMap":{"1":{"name":"(anonymous_1)","line":7,"loc":{"start":{"line":7,"column":14},"end":{"line":7,"column":48}}},"2":{"name":"(anonymous_2)","line":17,"loc":{"start":{"line":17,"column":18},"end":{"line":17,"column":51}}},"3":{"name":"(anonymous_3)","line":23,"loc":{"start":{"line":23,"column":21},"end":{"line":23,"column":35}}},"4":{"name":"(anonymous_4)","line":32,"loc":{"start":{"line":32,"column":13},"end":{"line":32,"column":43}}},"5":{"name":"(anonymous_5)","line":43,"loc":{"start":{"line":43,"column":8},"end":{"line":43,"column":11}}},"6":{"name":"(anonymous_6)","line":46,"loc":{"start":{"line":46,"column":7},"end":{"line":46,"column":10}}}},"statementMap":{"1":{"start":{"line":1,"column":0},"end":{"line":1,"column":42}},"2":{"start":{"line":3,"column":0},"end":{"line":3,"column":49}},"3":{"start":{"line":4,"column":0},"end":{"line":4,"column":45}},"4":{"start":{"line":8,"column":4},"end":{"line":8,"column":11}},"5":{"start":{"line":10,"column":4},"end":{"line":10,"column":41}},"6":{"start":{"line":11,"column":4},"end":{"line":13,"column":6}},"7":{"start":{"line":12,"column":6},"end":{"line":12,"column":71}},"8":{"start":{"line":14,"column":4},"end":{"line":14,"column":27}},"9":{"start":{"line":15,"column":4},"end":{"line":15,"column":27}},"10":{"start":{"line":18,"column":4},"end":{"line":18,"column":69}},"11":{"start":{"line":19,"column":4},"end":{"line":19,"column":71}},"12":{"start":{"line":19,"column":34},"end":{"line":19,"column":70}},"13":{"start":{"line":20,"column":4},"end":{"line":20,"column":99}},"14":{"start":{"line":20,"column":54},"end":{"line":20,"column":98}},"15":{"start":{"line":21,"column":4},"end":{"line":21,"column":40}},"16":{"start":{"line":24,"column":4},"end":{"line":24,"column":55}},"17":{"start":{"line":25,"column":4},"end":{"line":27,"column":5}},"18":{"start":{"line":26,"column":6},"end":{"line":26,"column":41}},"19":{"start":{"line":28,"column":4},"end":{"line":28,"column":36}},"20":{"start":{"line":29,"column":4},"end":{"line":29,"column":25}},"21":{"start":{"line":30,"column":4},"end":{"line":30,"column":22}},"22":{"start":{"line":33,"column":4},"end":{"line":41,"column":5}},"23":{"start":{"line":34,"column":6},"end":{"line":38,"column":8}},"24":{"start":{"line":35,"column":8},"end":{"line":35,"column":47}},"25":{"start":{"line":37,"column":8},"end":{"line":37,"column":34}},"26":{"start":{"line":40,"column":6},"end":{"line":40,"column":32}},"27":{"start":{"line":44,"column":4},"end":{"line":44,"column":26}},"28":{"start":{"line":47,"column":4},"end":{"line":51,"column":6}},"29":{"start":{"line":48,"column":6},"end":{"line":48,"column":38}},"30":{"start":{"line":49,"column":6},"end":{"line":49,"column":27}},"31":{"start":{"line":50,"column":6},"end":{"line":50,"column":24}},"32":{"start":{"line":53,"column":4},"end":{"line":53,"column":27}},"33":{"start":{"line":54,"column":4},"end":{"line":54,"column":32}},"34":{"start":{"line":58,"column":0},"end":{"line":58,"column":28}}},"branchMap":{"1":{"line":25,"type":"if","locations":[{"start":{"line":25,"column":4},"end":{"line":25,"column":4}},{"start":{"line":25,"column":4},"end":{"line":25,"column":4}}]}}},"/home/dafeizizhu/code/huya_video/v-taf/nodejs3/t-rpc/lib/server/listeners/index.js":{"path":"/home/dafeizizhu/code/huya_video/v-taf/nodejs3/t-rpc/lib/server/listeners/index.js","s":{"1":2,"2":2,"3":7,"4":1,"5":6,"6":2},"b":{"1":[1,6]},"f":{},"fnMap":{},"statementMap":{"1":{"start":{"line":1,"column":0},"end":{"line":1,"column":45}},"2":{"start":{"line":3,"column":0},"end":{"line":8,"column":1}},"3":{"start":{"line":5,"column":4},"end":{"line":5,"column":79}},"4":{"start":{"line":5,"column":45},"end":{"line":5,"column":79}},"5":{"start":{"line":6,"column":4},"end":{"line":6,"column":64}},"6":{"start":{"line":10,"column":0},"end":{"line":10,"column":33}}},"branchMap":{"1":{"line":5,"type":"if","locations":[{"start":{"line":5,"column":4},"end":{"line":5,"column":4}},{"start":{"line":5,"column":4},"end":{"line":5,"column":4}}]}}},"/home/dafeizizhu/code/huya_video/v-taf/nodejs3/t-rpc/lib/server/t-server.js":{"path":"/home/dafeizizhu/code/huya_video/v-taf/nodejs3/t-rpc/lib/server/t-server.js","s":{"1":1,"2":1,"3":1,"4":1,"5":1,"6":1,"7":1,"8":1,"9":1,"10":15,"11":1,"12":14,"13":1,"14":0,"15":0,"16":0,"17":0,"18":0,"19":0,"20":0,"21":0,"22":0,"23":1,"24":1,"25":1,"26":1,"27":1,"28":1,"29":0,"30":1},"b":{"1":[1,14],"2":[1,0],"3":[1,0]},"f":{"1":1,"2":0,"3":0,"4":1},"fnMap":{"1":{"name":"(anonymous_1)","line":6,"loc":{"start":{"line":6,"column":14},"end":{"line":6,"column":24}}},"2":{"name":"(anonymous_2)","line":27,"loc":{"start":{"line":27,"column":8},"end":{"line":27,"column":11}}},"3":{"name":"(anonymous_3)","line":37,"loc":{"start":{"line":37,"column":7},"end":{"line":37,"column":10}}},"4":{"name":"(anonymous_4)","line":40,"loc":{"start":{"line":40,"column":13},"end":{"line":40,"column":46}}}},"statementMap":{"1":{"start":{"line":1,"column":0},"end":{"line":1,"column":60}},"2":{"start":{"line":2,"column":0},"end":{"line":2,"column":45}},"3":{"start":{"line":3,"column":0},"end":{"line":3,"column":53}},"4":{"start":{"line":7,"column":4},"end":{"line":7,"column":27}},"5":{"start":{"line":8,"column":4},"end":{"line":8,"column":28}},"6":{"start":{"line":9,"column":4},"end":{"line":9,"column":27}},"7":{"start":{"line":11,"column":4},"end":{"line":25,"column":5}},"8":{"start":{"line":12,"column":6},"end":{"line":12,"column":58}},"9":{"start":{"line":13,"column":6},"end":{"line":19,"column":12}},"10":{"start":{"line":14,"column":8},"end":{"line":18,"column":9}},"11":{"start":{"line":15,"column":10},"end":{"line":15,"column":40}},"12":{"start":{"line":17,"column":10},"end":{"line":17,"column":18}},"13":{"start":{"line":21,"column":6},"end":{"line":21,"column":41}},"14":{"start":{"line":23,"column":6},"end":{"line":23,"column":26}},"15":{"start":{"line":24,"column":6},"end":{"line":24,"column":17}},"16":{"start":{"line":28,"column":4},"end":{"line":35,"column":6}},"17":{"start":{"line":29,"column":6},"end":{"line":33,"column":7}},"18":{"start":{"line":30,"column":8},"end":{"line":30,"column":27}},"19":{"start":{"line":32,"column":8},"end":{"line":32,"column":92}},"20":{"start":{"line":34,"column":6},"end":{"line":34,"column":68}},"21":{"start":{"line":38,"column":4},"end":{"line":38,"column":87}},"22":{"start":{"line":38,"column":67},"end":{"line":38,"column":85}},"23":{"start":{"line":41,"column":4},"end":{"line":41,"column":89}},"24":{"start":{"line":41,"column":57},"end":{"line":41,"column":85}},"25":{"start":{"line":42,"column":4},"end":{"line":51,"column":5}},"26":{"start":{"line":43,"column":6},"end":{"line":43,"column":78}},"27":{"start":{"line":44,"column":6},"end":{"line":44,"column":100}},"28":{"start":{"line":45,"column":6},"end":{"line":48,"column":8}},"29":{"start":{"line":50,"column":6},"end":{"line":50,"column":64}},"30":{"start":{"line":55,"column":0},"end":{"line":55,"column":24}}},"branchMap":{"1":{"line":14,"type":"if","locations":[{"start":{"line":14,"column":8},"end":{"line":14,"column":8}},{"start":{"line":14,"column":8},"end":{"line":14,"column":8}}]},"2":{"line":42,"type":"if","locations":[{"start":{"line":42,"column":4},"end":{"line":42,"column":4}},{"start":{"line":42,"column":4},"end":{"line":42,"column":4}}]},"3":{"line":43,"type":"cond-expr","locations":[{"start":{"line":43,"column":50},"end":{"line":43,"column":67}},{"start":{"line":43,"column":70},"end":{"line":43,"column":78}}]}}}}