TN:
SF:/home/dafeizizhu/code/huya_video/v-taf/nodejs3/t-rpc/lib/client/transceivers/tcp-transceiver.js
FN:5,(anonymous_1)
FN:8,(anonymous_2)
FN:25,(anonymous_3)
FN:26,(anonymous_4)
FN:32,(anonymous_5)
FN:35,(anonymous_6)
FN:38,(anonymous_7)
FN:42,(anonymous_8)
FN:48,(anonymous_9)
FN:51,(anonymous_10)
FN:54,(anonymous_11)
FN:58,(anonymous_12)
FN:64,(anonymous_13)
FN:71,(anonymous_14)
FN:74,(anonymous_15)
FN:77,(anonymous_16)
FN:80,(anonymous_17)
FN:83,(anonymous_18)
FN:89,(anonymous_19)
FN:99,(anonymous_20)
FN:104,(anonymous_21)
FNF:21
FNH:21
FNDA:56,(anonymous_1)
FNDA:32,(anonymous_2)
FNDA:7,(anonymous_3)
FNDA:2,(anonymous_4)
FNDA:32,(anonymous_5)
FNDA:4,(anonymous_6)
FNDA:1,(anonymous_7)
FNDA:5,(anonymous_8)
FNDA:31,(anonymous_9)
FNDA:4,(anonymous_10)
FNDA:9,(anonymous_11)
FNDA:31,(anonymous_12)
FNDA:44,(anonymous_13)
FNDA:40,(anonymous_14)
FNDA:17,(anonymous_15)
FNDA:38,(anonymous_16)
FNDA:75,(anonymous_17)
FNDA:32,(anonymous_18)
FNDA:36,(anonymous_19)
FNDA:12,(anonymous_20)
FNDA:31,(anonymous_21)
DA:1,1
DA:2,1
DA:6,56
DA:9,32
DA:10,32
DA:11,32
DA:12,31
DA:13,31
DA:14,1
DA:15,1
DA:17,31
DA:18,1
DA:19,1
DA:20,1
DA:23,32
DA:27,2
DA:33,32
DA:36,4
DA:39,1
DA:40,1
DA:43,5
DA:49,31
DA:52,4
DA:55,9
DA:56,9
DA:59,31
DA:65,44
DA:67,44
DA:68,44
DA:69,44
DA:72,40
DA:75,17
DA:78,38
DA:81,75
DA:84,32
DA:85,32
DA:86,32
DA:87,32
DA:90,36
DA:91,36
DA:92,35
DA:94,36
DA:95,1
DA:100,12
DA:101,12
DA:102,12
DA:105,31
DA:109,1
LF:48
LH:48
BRF:0
BRH:0
end_of_record
TN:
SF:/home/dafeizizhu/code/huya_video/v-taf/nodejs3/t-rpc/lib/protocols/taf/client.js
FN:8,(anonymous_1)
FN:13,(anonymous_2)
FN:41,(anonymous_3)
FN:75,(anonymous_4)
FNF:4
FNH:4
FNDA:40,(anonymous_1)
FNDA:30,(anonymous_2)
FNDA:113,(anonymous_3)
FNDA:12,(anonymous_4)
DA:1,1
DA:2,1
DA:4,1
DA:5,1
DA:9,40
DA:11,40
DA:14,30
DA:15,30
DA:25,30
DA:26,0
DA:28,30
DA:29,14
DA:30,28
DA:31,28
DA:34,30
DA:35,30
DA:36,30
DA:37,30
DA:39,30
DA:42,113
DA:43,86
DA:44,86
DA:45,86
DA:46,86
DA:47,86
DA:49,113
DA:50,113
DA:51,122
DA:52,122
DA:53,122
DA:55,36
DA:56,36
DA:57,36
DA:58,36
DA:59,36
DA:60,36
DA:67,36
DA:68,36
DA:70,113
DA:71,86
DA:72,86
DA:76,12
DA:80,1
LF:43
LH:42
BRDA:25,1,0,0
BRDA:25,1,1,30
BRDA:25,2,0,30
BRDA:25,2,1,30
BRDA:25,2,2,2
BRDA:28,3,0,14
BRDA:28,3,1,16
BRDA:28,4,0,30
BRDA:28,4,1,30
BRDA:42,5,0,86
BRDA:42,5,1,27
BRDA:51,6,0,0
BRDA:51,6,1,122
BRDA:53,7,0,86
BRDA:53,7,1,36
BRDA:70,8,0,86
BRDA:70,8,1,27
BRF:17
BRH:15
end_of_record
TN:
SF:/home/dafeizizhu/code/huya_video/v-taf/nodejs3/t-rpc/lib/util/response-message.js
FN:2,(anonymous_1)
FNF:1
FNH:1
FNDA:39,(anonymous_1)
DA:3,39
DA:8,39
DA:9,39
DA:10,39
DA:11,39
DA:15,1
LF:6
LH:6
BRF:0
BRH:0
end_of_record
TN:
SF:/home/dafeizizhu/code/huya_video/v-taf/nodejs3/t-rpc/lib/util/request-message.js
FN:2,(anonymous_1)
FNF:1
FNH:1
FNDA:35,(anonymous_1)
DA:3,35
DA:11,35
DA:12,35
DA:13,35
DA:14,35
DA:15,35
DA:16,35
DA:20,1
LF:8
LH:8
BRF:0
BRH:0
end_of_record
TN:
SF:/home/dafeizizhu/code/huya_video/v-taf/nodejs3/t-rpc/lib/util/endpoint-info.js
FN:4,(anonymous_1)
FN:19,(anonymous_2)
FN:22,(anonymous_3)
FN:25,(anonymous_4)
FN:28,(anonymous_5)
FN:31,(anonymous_6)
FN:34,(anonymous_7)
FN:37,(anonymous_8)
FNF:8
FNH:7
FNDA:35,(anonymous_1)
FNDA:63,(anonymous_2)
FNDA:63,(anonymous_3)
FNDA:63,(anonymous_4)
FNDA:31,(anonymous_5)
FNDA:0,(anonymous_6)
FNDA:5,(anonymous_7)
FNDA:21,(anonymous_8)
DA:1,1
DA:5,35
DA:13,35
DA:14,35
DA:15,35
DA:16,35
DA:17,35
DA:20,63
DA:23,63
DA:26,63
DA:29,31
DA:32,0
DA:35,5
DA:38,21
DA:39,21
DA:40,21
DA:42,21
DA:43,19
DA:44,19
DA:45,19
DA:46,54
DA:47,54
DA:49,19
DA:50,19
DA:52,19
DA:53,19
DA:55,16
DA:56,16
DA:59,19
DA:61,2
DA:66,1
LF:31
LH:30
BRDA:47,1,0,19
BRDA:47,1,1,19
BRDA:47,1,2,16
BRF:3
BRH:3
end_of_record
TN:
SF:/home/dafeizizhu/code/huya_video/v-taf/nodejs3/t-rpc/lib/util/object-info.js
FN:4,(anonymous_1)
FN:12,(anonymous_2)
FN:15,(anonymous_3)
FN:18,(anonymous_4)
FN:21,(anonymous_5)
FNF:5
FNH:5
FNDA:20,(anonymous_1)
FNDA:42,(anonymous_2)
FNDA:77,(anonymous_3)
FNDA:1,(anonymous_4)
FNDA:18,(anonymous_5)
DA:1,1
DA:5,20
DA:9,20
DA:10,20
DA:13,42
DA:16,77
DA:19,2
DA:22,18
DA:23,18
DA:24,18
DA:25,18
DA:26,17
DA:28,1
DA:33,1
LF:14
LH:14
BRDA:25,1,0,2
BRDA:25,1,1,16
BRF:2
BRH:2
end_of_record
TN:
SF:/home/dafeizizhu/code/huya_video/v-taf/nodejs3/t-rpc/lib/client/adapter-proxy.js
FN:8,(anonymous_1)
FN:16,(anonymous_2)
FN:19,(anonymous_3)
FN:22,(anonymous_4)
FN:25,(anonymous_5)
FN:28,(anonymous_6)
FN:32,(anonymous_7)
FN:38,(anonymous_8)
FN:55,(anonymous_9)
FN:58,(anonymous_10)
FN:65,(anonymous_11)
FN:95,(anonymous_12)
FN:119,(anonymous_13)
FNF:13
FNH:13
FNDA:29,(anonymous_1)
FNDA:34,(anonymous_2)
FNDA:28,(anonymous_3)
FNDA:28,(anonymous_4)
FNDA:28,(anonymous_5)
FNDA:24,(anonymous_6)
FNDA:5,(anonymous_7)
FNDA:40,(anonymous_8)
FNDA:18,(anonymous_9)
FNDA:5,(anonymous_10)
FNDA:26,(anonymous_11)
FNDA:31,(anonymous_12)
FNDA:10,(anonymous_13)
DA:1,1
DA:3,1
DA:4,1
DA:5,1
DA:9,29
DA:10,29
DA:11,29
DA:12,29
DA:13,29
DA:14,29
DA:17,34
DA:20,28
DA:23,28
DA:26,28
DA:29,24
DA:30,24
DA:33,5
DA:39,40
DA:40,40
DA:41,40
DA:42,40
DA:43,40
DA:44,28
DA:45,28
DA:47,1
DA:48,1
DA:49,1
DA:52,40
DA:53,40
DA:56,18
DA:59,5
DA:60,5
DA:61,5
DA:62,5
DA:63,5
DA:66,26
DA:67,26
DA:68,26
DA:69,23
DA:70,23
DA:71,23
DA:72,23
DA:73,20
DA:80,3
DA:82,23
DA:84,3
DA:86,1
DA:88,2
DA:90,2
DA:91,2
DA:96,31
DA:97,31
DA:98,31
DA:99,31
DA:101,1
DA:104,30
DA:105,30
DA:106,1
DA:108,29
DA:113,5
DA:115,29
DA:120,10
DA:121,10
DA:122,10
DA:123,10
DA:124,10
DA:125,10
DA:126,10
DA:127,10
DA:128,10
DA:132,1
LF:71
LH:71
BRDA:68,1,0,23
BRDA:68,1,1,3
BRDA:72,2,0,20
BRDA:72,2,1,3
BRDA:84,3,0,1
BRDA:84,3,1,2
BRDA:105,4,0,1
BRDA:105,4,1,29
BRF:8
BRH:8
end_of_record
TN:
SF:/home/dafeizizhu/code/huya_video/v-taf/nodejs3/t-rpc/lib/client/transceivers/index.js
FNF:0
FNH:0
DA:1,2
DA:3,2
DA:5,41
DA:6,40
DA:10,2
LF:5
LH:5
BRDA:5,1,0,1
BRDA:5,1,1,40
BRF:2
BRH:2
end_of_record
TN:
SF:/home/dafeizizhu/code/huya_video/v-taf/nodejs3/t-rpc/lib/util/index.js
FN:12,(anonymous_1)
FN:17,(anonymous_2)
FN:23,(anonymous_3)
FN:26,(anonymous_4)
FN:33,(anonymous_5)
FN:36,(anonymous_6)
FN:39,(anonymous_7)
FN:42,(anonymous_8)
FNF:8
FNH:7
FNDA:80,(anonymous_1)
FNDA:34,(anonymous_2)
FNDA:34,(anonymous_3)
FNDA:29,(anonymous_4)
FNDA:0,(anonymous_5)
FNDA:26,(anonymous_6)
FNDA:10,(anonymous_7)
FNDA:20,(anonymous_8)
DA:1,1
DA:2,31
DA:3,31
DA:4,31
DA:5,31
DA:7,31
DA:8,31
DA:13,80
DA:14,80
DA:15,80
DA:18,34
DA:19,34
DA:20,34
DA:21,34
DA:24,34
DA:27,29
DA:28,29
DA:29,29
DA:30,29
DA:34,0
DA:37,26
DA:40,10
DA:43,20
DA:44,2
DA:45,2
DA:46,0
DA:48,2
DA:49,2
DA:50,2
DA:52,20
DA:53,20
DA:57,1
DA:58,1
LF:33
LH:31
BRDA:19,1,0,0
BRDA:19,1,1,34
BRDA:28,2,0,29
BRDA:28,2,1,0
BRDA:45,3,0,0
BRDA:45,3,1,2
BRF:6
BRH:3
end_of_record
TN:
SF:/home/dafeizizhu/code/huya_video/v-taf/nodejs3/t-rpc/lib/util/rpc-error.js
FN:2,(anonymous_1)
FN:14,(anonymous_2)
FN:20,(anonymous_3)
FN:26,(anonymous_4)
FN:32,(anonymous_5)
FN:38,(anonymous_6)
FN:44,(anonymous_7)
FN:50,(anonymous_8)
FN:56,(anonymous_9)
FN:62,(anonymous_10)
FNF:10
FNH:3
FNDA:15,(anonymous_1)
FNDA:0,(anonymous_2)
FNDA:0,(anonymous_3)
FNDA:0,(anonymous_4)
FNDA:0,(anonymous_5)
FNDA:0,(anonymous_6)
FNDA:0,(anonymous_7)
FNDA:3,(anonymous_8)
FNDA:0,(anonymous_9)
FNDA:5,(anonymous_10)
DA:3,15
DA:5,15
DA:6,15
DA:7,15
DA:8,15
DA:9,15
DA:15,0
DA:21,0
DA:27,0
DA:33,0
DA:39,0
DA:45,0
DA:51,3
DA:57,0
DA:63,5
DA:67,1
LF:16
LH:9
BRF:0
BRH:0
end_of_record
TN:
SF:/home/dafeizizhu/code/huya_video/v-taf/nodejs3/t-rpc/lib/util/rpc-result.js
FN:2,(anonymous_1)
FNF:1
FNH:1
FNDA:20,(anonymous_1)
DA:3,20
DA:10,20
DA:11,20
DA:12,20
DA:13,20
DA:17,1
LF:6
LH:6
BRF:0
BRH:0
end_of_record
TN:
SF:/home/dafeizizhu/code/huya_video/v-taf/nodejs3/t-rpc/lib/util/set-info.js
FN:2,(anonymous_1)
FN:5,(anonymous_2)
FN:8,(anonymous_3)
FNF:3
FNH:2
FNDA:5,(anonymous_1)
FNDA:0,(anonymous_2)
FNDA:4,(anonymous_3)
DA:3,5
DA:6,0
DA:9,4
DA:13,1
LF:4
LH:3
BRF:0
BRH:0
end_of_record
TN:
SF:/home/dafeizizhu/code/huya_video/v-taf/nodejs3/t-rpc/lib/client/endpoint-manager.js
FN:13,(anonymous_1)
FN:38,(anonymous_2)
FN:53,(anonymous_3)
FN:89,(anonymous_4)
FN:97,(anonymous_5)
FN:107,(anonymous_6)
FN:114,(anonymous_7)
FN:124,(anonymous_8)
FNF:8
FNH:8
FNDA:18,(anonymous_1)
FNDA:10,(anonymous_2)
FNDA:10,(anonymous_3)
FNDA:19,(anonymous_4)
FNDA:17,(anonymous_5)
FNDA:36,(anonymous_6)
FNDA:36,(anonymous_7)
FNDA:4,(anonymous_8)
DA:1,1
DA:3,1
DA:4,1
DA:5,1
DA:6,1
DA:7,1
DA:9,1
DA:10,1
DA:14,18
DA:16,18
DA:17,18
DA:18,18
DA:19,18
DA:20,18
DA:21,18
DA:22,18
DA:24,18
DA:25,18
DA:27,18
DA:28,18
DA:30,8
DA:33,18
DA:34,10
DA:35,10
DA:39,10
DA:40,1
DA:42,9
DA:43,7
DA:49,7
DA:54,10
DA:55,7
DA:56,5
DA:57,4
DA:58,4
DA:59,4
DA:62,1
DA:65,2
DA:66,2
DA:67,2
DA:68,2
DA:71,1
DA:74,1
DA:76,2
DA:77,1
DA:78,1
DA:79,1
DA:82,6
DA:83,6
DA:85,3
DA:86,3
DA:90,19
DA:91,16
DA:92,9
DA:94,10
DA:98,17
DA:99,17
DA:100,2
DA:102,15
DA:103,15
DA:104,15
DA:108,36
DA:109,25
DA:110,8
DA:112,6
DA:115,36
DA:116,19
DA:117,15
DA:118,3
DA:120,17
DA:121,17
DA:125,4
DA:126,6
DA:127,6
DA:129,4
DA:130,4
DA:131,2
DA:132,2
DA:137,1
LF:78
LH:78
BRDA:24,1,0,1
BRDA:24,1,1,17
BRDA:24,2,0,18
BRDA:24,2,1,1
BRDA:25,3,0,0
BRDA:25,3,1,18
BRDA:25,4,0,18
BRDA:25,4,1,1
BRDA:33,5,0,10
BRDA:33,5,1,8
BRDA:39,6,0,1
BRDA:39,6,1,9
BRDA:44,7,0,6
BRDA:44,7,1,0
BRDA:55,8,0,5
BRDA:55,8,1,2
BRDA:55,9,0,7
BRDA:55,9,1,7
BRDA:56,10,0,4
BRDA:56,10,1,1
BRDA:68,11,0,1
BRDA:68,11,1,1
BRDA:68,12,0,2
BRDA:68,12,1,2
BRDA:68,12,2,2
BRDA:82,13,0,6
BRDA:82,13,1,0
BRDA:90,14,0,9
BRDA:90,14,1,10
BRDA:99,15,0,2
BRDA:99,15,1,15
BRDA:108,16,0,11
BRDA:108,16,1,25
BRDA:108,17,0,36
BRDA:108,17,1,20
BRDA:108,17,2,20
BRDA:109,18,0,17
BRDA:109,18,1,8
BRDA:110,19,0,2
BRDA:110,19,1,6
BRDA:115,20,0,19
BRDA:115,20,1,17
BRDA:130,21,0,2
BRDA:130,21,1,2
BRF:44
BRH:41
end_of_record
TN:
SF:/home/dafeizizhu/code/huya_video/v-taf/nodejs3/t-rpc/lib/client/registry/index.js
FN:8,(anonymous_1)
FN:15,(anonymous_2)
FN:18,(anonymous_3)
FN:39,(anonymous_4)
FN:45,(anonymous_5)
FN:53,(anonymous_6)
FN:56,(anonymous_7)
FNF:7
FNH:7
FNDA:10,(anonymous_1)
FNDA:9,(anonymous_2)
FNDA:9,(anonymous_3)
FNDA:2,(anonymous_4)
FNDA:10,(anonymous_5)
FNDA:9,(anonymous_6)
FNDA:2,(anonymous_7)
DA:1,1
DA:3,1
DA:4,1
DA:5,1
DA:9,10
DA:11,10
DA:12,10
DA:13,10
DA:16,9
DA:20,9
DA:29,9
DA:31,7
DA:32,7
DA:35,2
DA:36,2
DA:40,2
DA:46,10
DA:48,10
DA:49,10
DA:50,10
DA:51,10
DA:54,9
DA:57,2
DA:58,2
DA:62,1
LF:25
LH:25
BRF:0
BRH:0
end_of_record
TN:
SF:/home/dafeizizhu/code/huya_video/v-taf/nodejs3/t-rpc/lib/client/object-proxy.js
FN:7,(anonymous_1)
FN:16,(anonymous_2)
FN:19,(anonymous_3)
FN:47,(anonymous_4)
FNF:4
FNH:4
FNDA:8,(anonymous_1)
FNDA:7,(anonymous_2)
FNDA:7,(anonymous_3)
FNDA:2,(anonymous_4)
DA:1,1
DA:3,1
DA:4,1
DA:8,8
DA:10,8
DA:11,8
DA:12,8
DA:13,8
DA:14,8
DA:17,7
DA:20,7
DA:21,7
DA:22,7
DA:23,7
DA:24,7
DA:25,7
DA:27,7
DA:36,7
DA:37,7
DA:39,6
DA:40,6
DA:43,1
DA:44,1
DA:48,2
DA:49,2
DA:53,1
LF:26
LH:26
BRDA:21,1,0,7
BRDA:21,1,1,3
BRDA:22,2,0,2
BRDA:22,2,1,5
BRDA:23,3,0,2
BRDA:23,3,1,5
BRDA:24,4,0,2
BRDA:24,4,1,5
BRDA:25,5,0,2
BRDA:25,5,1,5
BRDA:33,6,0,7
BRDA:33,6,1,7
BRF:12
BRH:12
end_of_record
TN:
SF:/home/dafeizizhu/code/huya_video/v-taf/nodejs3/t-rpc/lib/client/t-client.js
FN:9,(anonymous_1)
FN:24,(anonymous_2)
FN:27,(anonymous_3)
FN:37,(anonymous_4)
FN:47,(anonymous_5)
FNF:5
FNH:5
FNDA:5,(anonymous_1)
FNDA:1,(anonymous_2)
FNDA:5,(anonymous_3)
FNDA:4,(anonymous_4)
FNDA:1,(anonymous_5)
DA:1,1
DA:2,1
DA:4,1
DA:5,1
DA:6,1
DA:10,5
DA:12,5
DA:13,5
DA:14,5
DA:15,5
DA:17,5
DA:18,5
DA:19,5
DA:21,2
DA:25,1
DA:28,5
DA:29,5
DA:31,4
DA:32,4
DA:33,4
DA:35,4
DA:38,4
DA:39,4
DA:40,1
DA:42,3
DA:43,3
DA:44,3
DA:45,3
DA:48,1
DA:49,1
DA:50,1
DA:51,1
DA:53,1
DA:57,1
LF:34
LH:34
BRDA:29,1,0,5
BRDA:29,1,1,1
BRDA:38,2,0,4
BRDA:38,2,1,4
BRDA:39,3,0,1
BRDA:39,3,1,3
BRF:6
BRH:6
end_of_record
TN:
SF:/home/dafeizizhu/code/huya_video/v-taf/nodejs3/t-rpc/lib/server/transceivers/tcp-transceiver.js
FN:4,(anonymous_1)
FN:19,(anonymous_2)
FN:22,(anonymous_3)
FNF:3
FNH:3
FNDA:11,(anonymous_1)
FNDA:6,(anonymous_2)
FNDA:8,(anonymous_3)
DA:1,1
DA:5,11
DA:7,11
DA:8,11
DA:9,11
DA:10,1
DA:11,1
DA:12,1
DA:14,11
DA:15,2
DA:16,2
DA:20,6
DA:23,8
DA:24,8
DA:25,8
DA:29,1
LF:16
LH:16
BRF:0
BRH:0
end_of_record
TN:
SF:/home/dafeizizhu/code/huya_video/v-taf/nodejs3/t-rpc/lib/server/listeners/tcp-listener.js
FN:5,(anonymous_1)
FN:14,(anonymous_2)
FN:17,(anonymous_3)
FNF:3
FNH:3
FNDA:8,(anonymous_1)
FNDA:7,(anonymous_2)
FNDA:3,(anonymous_3)
DA:1,1
DA:2,1
DA:6,8
DA:8,8
DA:9,8
DA:11,8
DA:12,8
DA:15,7
DA:18,3
DA:19,3
DA:24,1
LF:11
LH:11
BRDA:19,1,0,1
BRDA:19,1,1,2
BRF:2
BRH:2
end_of_record
TN:
SF:/home/dafeizizhu/code/huya_video/v-taf/nodejs3/t-rpc/lib/protocols/taf/server.js
FN:8,(anonymous_1)
FN:13,(anonymous_2)
FN:36,(anonymous_3)
FN:69,(anonymous_4)
FN:107,(anonymous_5)
FNF:5
FNH:5
FNDA:13,(anonymous_1)
FNDA:3,(anonymous_2)
FNDA:8,(anonymous_3)
FNDA:83,(anonymous_4)
FNDA:4,(anonymous_5)
DA:1,1
DA:2,1
DA:4,1
DA:5,1
DA:9,13
DA:11,13
DA:14,3
DA:15,3
DA:17,3
DA:29,3
DA:30,3
DA:31,3
DA:32,3
DA:34,3
DA:37,8
DA:39,8
DA:41,5
DA:42,5
DA:44,5
DA:50,5
DA:62,5
DA:63,5
DA:64,5
DA:65,5
DA:67,5
DA:70,83
DA:71,77
DA:72,77
DA:73,77
DA:74,77
DA:75,77
DA:77,83
DA:78,83
DA:79,92
DA:80,92
DA:81,92
DA:83,15
DA:84,15
DA:85,15
DA:86,15
DA:87,15
DA:88,15
DA:89,15
DA:90,15
DA:91,15
DA:99,15
DA:100,15
DA:102,83
DA:103,77
DA:104,77
DA:108,4
DA:112,1
LF:52
LH:52
BRDA:39,1,0,3
BRDA:39,1,1,5
BRDA:41,2,0,5
BRDA:41,2,1,4
BRDA:42,3,0,5
BRDA:42,3,1,1
BRDA:44,4,0,5
BRDA:44,4,1,5
BRDA:70,5,0,77
BRDA:70,5,1,6
BRDA:79,6,0,0
BRDA:79,6,1,92
BRDA:81,7,0,77
BRDA:81,7,1,15
BRDA:102,8,0,77
BRDA:102,8,1,6
BRF:16
BRH:15
end_of_record
TN:
SF:/home/dafeizizhu/code/huya_video/v-taf/nodejs3/t-rpc/lib/server/data-adapter.js
FN:6,(anonymous_1)
FN:15,(anonymous_2)
FN:18,(anonymous_3)
FN:27,(anonymous_4)
FNF:4
FNH:4
FNDA:8,(anonymous_1)
FNDA:2,(anonymous_2)
FNDA:5,(anonymous_3)
FNDA:6,(anonymous_4)
DA:1,1
DA:3,1
DA:7,8
DA:9,8
DA:10,8
DA:11,8
DA:12,8
DA:13,8
DA:16,2
DA:19,5
DA:20,5
DA:22,2
DA:23,2
DA:24,2
DA:28,6
DA:29,4
DA:30,4
DA:31,4
DA:33,6
DA:34,4
DA:35,4
DA:36,4
DA:41,1
LF:23
LH:23
BRDA:28,1,0,4
BRDA:28,1,1,2
BRDA:33,2,0,4
BRDA:33,2,1,2
BRF:4
BRH:4
end_of_record
TN:
SF:/home/dafeizizhu/code/huya_video/v-taf/nodejs3/t-rpc/lib/server/transceivers/index.js
FNF:0
FNH:0
DA:1,2
DA:3,2
DA:5,9
DA:6,8
DA:10,2
LF:5
LH:5
BRDA:5,1,0,1
BRDA:5,1,1,8
BRF:2
BRH:2
end_of_record
TN:
SF:/home/dafeizizhu/code/huya_video/v-taf/nodejs3/t-rpc/lib/server/bind-adapter.js
FN:7,(anonymous_1)
FN:17,(anonymous_2)
FN:23,(anonymous_3)
FN:32,(anonymous_4)
FN:43,(anonymous_5)
FN:46,(anonymous_6)
FNF:6
FNH:6
FNDA:6,(anonymous_1)
FNDA:5,(anonymous_2)
FNDA:1,(anonymous_3)
FNDA:4,(anonymous_4)
FNDA:5,(anonymous_5)
FNDA:1,(anonymous_6)
DA:1,1
DA:3,1
DA:4,1
DA:8,6
DA:10,6
DA:11,6
DA:12,5
DA:14,6
DA:15,6
DA:18,5
DA:19,5
DA:20,5
DA:21,5
DA:24,1
DA:25,1
DA:26,1
DA:28,1
DA:29,1
DA:30,1
DA:33,4
DA:34,4
DA:35,1
DA:37,1
DA:40,2
DA:44,5
DA:47,1
DA:48,1
DA:49,1
DA:50,1
DA:53,1
DA:54,1
DA:58,1
LF:32
LH:32
BRDA:25,1,0,1
BRDA:25,1,1,0
BRF:2
BRH:1
end_of_record
TN:
SF:/home/dafeizizhu/code/huya_video/v-taf/nodejs3/t-rpc/lib/server/listeners/index.js
FNF:0
FNH:0
DA:1,2
DA:3,2
DA:5,7
DA:6,6
DA:10,2
LF:5
LH:5
BRDA:5,1,0,1
BRDA:5,1,1,6
BRF:2
BRH:2
end_of_record
TN:
SF:/home/dafeizizhu/code/huya_video/v-taf/nodejs3/t-rpc/lib/server/t-server.js
FN:6,(anonymous_1)
FN:27,(anonymous_2)
FN:37,(anonymous_3)
FN:40,(anonymous_4)
FNF:4
FNH:2
FNDA:1,(anonymous_1)
FNDA:0,(anonymous_2)
FNDA:0,(anonymous_3)
FNDA:1,(anonymous_4)
DA:1,1
DA:2,1
DA:3,1
DA:7,1
DA:8,1
DA:9,1
DA:11,1
DA:12,1
DA:13,1
DA:14,15
DA:15,1
DA:17,14
DA:21,1
DA:23,0
DA:24,0
DA:28,0
DA:29,0
DA:30,0
DA:32,0
DA:34,0
DA:38,0
DA:41,1
DA:42,1
DA:43,1
DA:44,1
DA:45,1
DA:50,0
DA:55,1
LF:28
LH:19
BRDA:14,1,0,1
BRDA:14,1,1,14
BRDA:42,2,0,1
BRDA:42,2,1,0
BRDA:43,3,0,1
BRDA:43,3,1,0
BRF:6
BRH:4
end_of_record
